{"/Users/Hp/Desktop/newproject/pager-system/backend/src/app.module.ts": {"path":"/Users/Hp/Desktop/newproject/pager-system/backend/src/app.module.ts","statementMap":{"0":{"start":{"line":1,"column":0},"end":{"line":1,"column":40}},"1":{"start":{"line":2,"column":0},"end":{"line":2,"column":46}},"2":{"start":{"line":3,"column":0},"end":{"line":3,"column":48}},"3":{"start":{"line":4,"column":0},"end":{"line":4,"column":42}},"4":{"start":{"line":5,"column":0},"end":{"line":5,"column":52}},"5":{"start":{"line":6,"column":0},"end":{"line":6,"column":48}},"6":{"start":{"line":7,"column":0},"end":{"line":7,"column":51}},"7":{"start":{"line":8,"column":0},"end":{"line":8,"column":54}},"8":{"start":{"line":9,"column":0},"end":{"line":9,"column":63}},"9":{"start":{"line":10,"column":0},"end":{"line":10,"column":66}},"10":{"start":{"line":11,"column":0},"end":{"line":11,"column":56}},"11":{"start":{"line":12,"column":0},"end":{"line":12,"column":75}},"12":{"start":{"line":13,"column":0},"end":{"line":13,"column":65}},"13":{"start":{"line":14,"column":0},"end":{"line":14,"column":59}},"14":{"start":{"line":15,"column":0},"end":{"line":15,"column":54}},"15":{"start":{"line":16,"column":0},"end":{"line":16,"column":54}},"16":{"start":{"line":17,"column":0},"end":{"line":17,"column":73}},"17":{"start":{"line":73,"column":7},"end":{"line":73,"column":null}},"18":{"start":{"line":73,"column":13},"end":{"line":73,"column":22}},"19":{"start":{"line":73,"column":13},"end":{"line":73,"column":null}},"20":{"start":{"line":35,"column":55},"end":{"line":35,"column":82}},"21":{"start":{"line":42,"column":56},"end":{"line":48,"column":8}}},"fnMap":{"0":{"name":"(anonymous_1)","decl":{"start":{"line":35,"column":18},"end":{"line":35,"column":19}},"loc":{"start":{"line":35,"column":55},"end":{"line":35,"column":82}}},"1":{"name":"(anonymous_2)","decl":{"start":{"line":42,"column":18},"end":{"line":42,"column":19}},"loc":{"start":{"line":42,"column":56},"end":{"line":48,"column":8}}}},"branchMap":{},"s":{"0":0,"1":0,"2":0,"3":0,"4":0,"5":0,"6":0,"7":0,"8":0,"9":0,"10":0,"11":0,"12":0,"13":0,"14":0,"15":0,"16":0,"17":0,"18":0,"19":0,"20":0,"21":0},"f":{"0":0,"1":0},"b":{}}
,"/Users/Hp/Desktop/newproject/pager-system/backend/src/main.ts": {"path":"/Users/Hp/Desktop/newproject/pager-system/backend/src/main.ts","statementMap":{"0":{"start":{"line":1,"column":0},"end":{"line":1,"column":43}},"1":{"start":{"line":2,"column":0},"end":{"line":2,"column":56}},"2":{"start":{"line":3,"column":0},"end":{"line":3,"column":65}},"3":{"start":{"line":4,"column":0},"end":{"line":4,"column":28}},"4":{"start":{"line":5,"column":0},"end":{"line":5,"column":43}},"5":{"start":{"line":6,"column":0},"end":{"line":6,"column":41}},"6":{"start":{"line":7,"column":0},"end":{"line":7,"column":81}},"7":{"start":{"line":8,"column":0},"end":{"line":8,"column":79}},"8":{"start":{"line":9,"column":0},"end":{"line":9,"column":79}},"9":{"start":{"line":12,"column":17},"end":{"line":12,"column":40}},"10":{"start":{"line":13,"column":14},"end":{"line":15,"column":4}},"11":{"start":{"line":18,"column":2},"end":{"line":28,"column":6}},"12":{"start":{"line":31,"column":2},"end":{"line":31,"column":25}},"13":{"start":{"line":34,"column":25},"end":{"line":34,"column":67}},"14":{"start":{"line":35,"column":2},"end":{"line":37,"column":3}},"15":{"start":{"line":36,"column":4},"end":{"line":36,"column":74}},"16":{"start":{"line":39,"column":2},"end":{"line":51,"column":5}},"17":{"start":{"line":42,"column":6},"end":{"line":46,"column":7}},"18":{"start":{"line":43,"column":8},"end":{"line":43,"column":29}},"19":{"start":{"line":45,"column":8},"end":{"line":45,"column":51}},"20":{"start":{"line":54,"column":2},"end":{"line":61,"column":4}},"21":{"start":{"line":64,"column":2},"end":{"line":64,"column":52}},"22":{"start":{"line":67,"column":2},"end":{"line":70,"column":4}},"23":{"start":{"line":73,"column":2},"end":{"line":73,"column":29}},"24":{"start":{"line":76,"column":2},"end":{"line":76,"column":59}},"25":{"start":{"line":79,"column":17},"end":{"line":99,"column":12}},"26":{"start":{"line":101,"column":19},"end":{"line":101,"column":60}},"27":{"start":{"line":102,"column":2},"end":{"line":102,"column":49}},"28":{"start":{"line":105,"column":2},"end":{"line":109,"column":5}},"29":{"start":{"line":106,"column":4},"end":{"line":106,"column":63}},"30":{"start":{"line":107,"column":4},"end":{"line":107,"column":22}},"31":{"start":{"line":108,"column":4},"end":{"line":108,"column":20}},"32":{"start":{"line":111,"column":2},"end":{"line":115,"column":5}},"33":{"start":{"line":112,"column":4},"end":{"line":112,"column":64}},"34":{"start":{"line":113,"column":4},"end":{"line":113,"column":22}},"35":{"start":{"line":114,"column":4},"end":{"line":114,"column":20}},"36":{"start":{"line":118,"column":2},"end":{"line":120,"column":5}},"37":{"start":{"line":119,"column":4},"end":{"line":119,"column":72}},"38":{"start":{"line":122,"column":2},"end":{"line":125,"column":5}},"39":{"start":{"line":123,"column":4},"end":{"line":123,"column":47}},"40":{"start":{"line":124,"column":4},"end":{"line":124,"column":20}},"41":{"start":{"line":127,"column":15},"end":{"line":127,"column":55}},"42":{"start":{"line":128,"column":2},"end":{"line":128,"column":25}},"43":{"start":{"line":130,"column":2},"end":{"line":130,"column":69}},"44":{"start":{"line":131,"column":2},"end":{"line":131,"column":72}},"45":{"start":{"line":132,"column":2},"end":{"line":132,"column":61}},"46":{"start":{"line":133,"column":2},"end":{"line":133,"column":58}},"47":{"start":{"line":136,"column":2},"end":{"line":136,"column":30}},"48":{"start":{"line":140,"column":26},"end":{"line":147,"column":4}},"49":{"start":{"line":149,"column":18},"end":{"line":149,"column":72}},"50":{"start":{"line":149,"column":51},"end":{"line":149,"column":71}},"51":{"start":{"line":151,"column":2},"end":{"line":158,"column":3}},"52":{"start":{"line":152,"column":4},"end":{"line":152,"column":82}},"53":{"start":{"line":153,"column":4},"end":{"line":155,"column":5}},"54":{"start":{"line":154,"column":6},"end":{"line":154,"column":22}},"55":{"start":{"line":157,"column":4},"end":{"line":157,"column":50}},"56":{"start":{"line":161,"column":0},"end":{"line":161,"column":12}}},"fnMap":{"0":{"name":"bootstrap","decl":{"start":{"line":11,"column":15},"end":{"line":11,"column":24}},"loc":{"start":{"line":11,"column":24},"end":{"line":137,"column":1}}},"1":{"name":"(anonymous_1)","decl":{"start":{"line":40,"column":12},"end":{"line":40,"column":13}},"loc":{"start":{"line":40,"column":33},"end":{"line":47,"column":5}}},"2":{"name":"(anonymous_2)","decl":{"start":{"line":105,"column":23},"end":{"line":105,"column":28}},"loc":{"start":{"line":105,"column":34},"end":{"line":109,"column":3}}},"3":{"name":"(anonymous_3)","decl":{"start":{"line":111,"column":24},"end":{"line":111,"column":29}},"loc":{"start":{"line":111,"column":35},"end":{"line":115,"column":3}}},"4":{"name":"(anonymous_4)","decl":{"start":{"line":118,"column":35},"end":{"line":118,"column":36}},"loc":{"start":{"line":118,"column":55},"end":{"line":120,"column":3}}},"5":{"name":"(anonymous_5)","decl":{"start":{"line":122,"column":34},"end":{"line":122,"column":35}},"loc":{"start":{"line":122,"column":44},"end":{"line":125,"column":3}}},"6":{"name":"validateEnvironment","decl":{"start":{"line":139,"column":9},"end":{"line":139,"column":28}},"loc":{"start":{"line":139,"column":43},"end":{"line":159,"column":1}}},"7":{"name":"(anonymous_7)","decl":{"start":{"line":149,"column":41},"end":{"line":149,"column":47}},"loc":{"start":{"line":149,"column":51},"end":{"line":149,"column":71}}}},"branchMap":{"0":{"loc":{"start":{"line":34,"column":25},"end":{"line":34,"column":67}},"type":"binary-expr","locations":[{"start":{"line":34,"column":25},"end":{"line":34,"column":61}},{"start":{"line":34,"column":65},"end":{"line":34,"column":67}}]},"1":{"loc":{"start":{"line":34,"column":25},"end":{"line":34,"column":61}},"type":"cond-expr","locations":[{"start":{"line":34,"column":49},"end":{"line":34,"column":51}},{"start":{"line":34,"column":49},"end":{"line":34,"column":61}}]},"2":{"loc":{"start":{"line":34,"column":25},"end":{"line":34,"column":51}},"type":"binary-expr","locations":[{"start":{"line":34,"column":25},"end":{"line":34,"column":51}},{"start":{"line":34,"column":49},"end":{"line":34,"column":51}}]},"3":{"loc":{"start":{"line":35,"column":2},"end":{"line":37,"column":3}},"type":"if","locations":[{"start":{"line":35,"column":2},"end":{"line":37,"column":3}},{"start":{},"end":{}}]},"4":{"loc":{"start":{"line":42,"column":6},"end":{"line":46,"column":7}},"type":"if","locations":[{"start":{"line":42,"column":6},"end":{"line":46,"column":7}},{"start":{"line":44,"column":13},"end":{"line":46,"column":7}}]},"5":{"loc":{"start":{"line":42,"column":10},"end":{"line":42,"column":52}},"type":"binary-expr","locations":[{"start":{"line":42,"column":10},"end":{"line":42,"column":17}},{"start":{"line":42,"column":21},"end":{"line":42,"column":52}}]},"6":{"loc":{"start":{"line":127,"column":24},"end":{"line":127,"column":50}},"type":"binary-expr","locations":[{"start":{"line":127,"column":24},"end":{"line":127,"column":40}},{"start":{"line":127,"column":44},"end":{"line":127,"column":50}}]},"7":{"loc":{"start":{"line":151,"column":2},"end":{"line":158,"column":3}},"type":"if","locations":[{"start":{"line":151,"column":2},"end":{"line":158,"column":3}},{"start":{"line":156,"column":9},"end":{"line":158,"column":3}}]},"8":{"loc":{"start":{"line":153,"column":4},"end":{"line":155,"column":5}},"type":"if","locations":[{"start":{"line":153,"column":4},"end":{"line":155,"column":5}},{"start":{},"end":{}}]}},"s":{"0":0,"1":0,"2":0,"3":0,"4":0,"5":0,"6":0,"7":0,"8":0,"9":0,"10":0,"11":0,"12":0,"13":0,"14":0,"15":0,"16":0,"17":0,"18":0,"19":0,"20":0,"21":0,"22":0,"23":0,"24":0,"25":0,"26":0,"27":0,"28":0,"29":0,"30":0,"31":0,"32":0,"33":0,"34":0,"35":0,"36":0,"37":0,"38":0,"39":0,"40":0,"41":0,"42":0,"43":0,"44":0,"45":0,"46":0,"47":0,"48":0,"49":0,"50":0,"51":0,"52":0,"53":0,"54":0,"55":0,"56":0},"f":{"0":0,"1":0,"2":0,"3":0,"4":0,"5":0,"6":0,"7":0},"b":{"0":[0,0],"1":[0,0],"2":[0,0],"3":[0,0],"4":[0,0],"5":[0,0],"6":[0,0],"7":[0,0],"8":[0,0]}}
,"/Users/Hp/Desktop/newproject/pager-system/backend/src/auth/auth.controller.ts": {"path":"/Users/Hp/Desktop/newproject/pager-system/backend/src/auth/auth.controller.ts","statementMap":{"0":{"start":{"line":1,"column":0},"end":{"line":1,"column":78}},"1":{"start":{"line":2,"column":0},"end":{"line":2,"column":69}},"2":{"start":{"line":3,"column":0},"end":{"line":3,"column":59}},"3":{"start":{"line":4,"column":0},"end":{"line":4,"column":43}},"4":{"start":{"line":8,"column":7},"end":{"line":46,"column":null}},"5":{"start":{"line":9,"column":31},"end":{"line":9,"column":44}},"6":{"start":{"line":44,"column":4},"end":{"line":44,"column":44}},"7":{"start":{"line":8,"column":13},"end":{"line":8,"column":27}},"8":{"start":{"line":43,"column":8},"end":{"line":45,"column":null}},"9":{"start":{"line":8,"column":13},"end":{"line":46,"column":null}}},"fnMap":{"0":{"name":"(anonymous_4)","decl":{"start":{"line":9,"column":2},"end":{"line":9,"column":31}},"loc":{"start":{"line":9,"column":55},"end":{"line":9,"column":59}}},"1":{"name":"(anonymous_5)","decl":{"start":{"line":43,"column":8},"end":{"line":43,"column":13}},"loc":{"start":{"line":43,"column":40},"end":{"line":45,"column":3}}}},"branchMap":{},"s":{"0":0,"1":0,"2":0,"3":0,"4":0,"5":0,"6":0,"7":0,"8":0,"9":0},"f":{"0":0,"1":0},"b":{}}
,"/Users/Hp/Desktop/newproject/pager-system/backend/src/auth/auth.module.ts": {"path":"/Users/Hp/Desktop/newproject/pager-system/backend/src/auth/auth.module.ts","statementMap":{"0":{"start":{"line":1,"column":0},"end":{"line":1,"column":40}},"1":{"start":{"line":2,"column":0},"end":{"line":2,"column":40}},"2":{"start":{"line":3,"column":0},"end":{"line":3,"column":50}},"3":{"start":{"line":4,"column":0},"end":{"line":4,"column":61}},"4":{"start":{"line":5,"column":0},"end":{"line":5,"column":45}},"5":{"start":{"line":6,"column":0},"end":{"line":6,"column":51}},"6":{"start":{"line":7,"column":0},"end":{"line":7,"column":52}},"7":{"start":{"line":8,"column":0},"end":{"line":8,"column":56}},"8":{"start":{"line":29,"column":7},"end":{"line":29,"column":null}},"9":{"start":{"line":29,"column":13},"end":{"line":29,"column":23}},"10":{"start":{"line":29,"column":13},"end":{"line":29,"column":null}},"11":{"start":{"line":16,"column":59},"end":{"line":21,"column":8}}},"fnMap":{"0":{"name":"(anonymous_1)","decl":{"start":{"line":16,"column":18},"end":{"line":16,"column":23}},"loc":{"start":{"line":16,"column":59},"end":{"line":21,"column":8}}}},"branchMap":{},"s":{"0":0,"1":0,"2":0,"3":0,"4":0,"5":0,"6":0,"7":0,"8":0,"9":0,"10":0,"11":0},"f":{"0":0},"b":{}}
,"/Users/Hp/Desktop/newproject/pager-system/backend/src/auth/auth.service.ts": {"path":"/Users/Hp/Desktop/newproject/pager-system/backend/src/auth/auth.service.ts","statementMap":{"0":{"start":{"line":1,"column":0},"end":{"line":1,"column":52}},"1":{"start":{"line":2,"column":0},"end":{"line":2,"column":41}},"2":{"start":{"line":3,"column":0},"end":{"line":3,"column":47}},"3":{"start":{"line":4,"column":0},"end":{"line":4,"column":54}},"4":{"start":{"line":5,"column":0},"end":{"line":5,"column":56}},"5":{"start":{"line":8,"column":0},"end":{"line":8,"column":84}},"6":{"start":{"line":27,"column":24},"end":{"line":148,"column":null}},"7":{"start":{"line":31,"column":12},"end":{"line":31,"column":26}},"8":{"start":{"line":32,"column":12},"end":{"line":32,"column":24}},"9":{"start":{"line":33,"column":12},"end":{"line":33,"column":27}},"10":{"start":{"line":28,"column":19},"end":{"line":28,"column":57}},"11":{"start":{"line":37,"column":4},"end":{"line":94,"column":5}},"12":{"start":{"line":39,"column":6},"end":{"line":41,"column":7}},"13":{"start":{"line":40,"column":8},"end":{"line":40,"column":73}},"14":{"start":{"line":44,"column":19},"end":{"line":44,"column":70}},"15":{"start":{"line":45,"column":6},"end":{"line":48,"column":7}},"16":{"start":{"line":46,"column":8},"end":{"line":46,"column":83}},"17":{"start":{"line":47,"column":8},"end":{"line":47,"column":65}},"18":{"start":{"line":51,"column":6},"end":{"line":54,"column":7}},"19":{"start":{"line":52,"column":8},"end":{"line":52,"column":102}},"20":{"start":{"line":53,"column":8},"end":{"line":53,"column":67}},"21":{"start":{"line":57,"column":30},"end":{"line":57,"column":95}},"22":{"start":{"line":58,"column":6},"end":{"line":61,"column":7}},"23":{"start":{"line":59,"column":8},"end":{"line":59,"column":69}},"24":{"start":{"line":60,"column":8},"end":{"line":60,"column":65}},"25":{"start":{"line":64,"column":6},"end":{"line":66,"column":7}},"26":{"start":{"line":65,"column":8},"end":{"line":65,"column":69}},"27":{"start":{"line":69,"column":21},"end":{"line":69,"column":71}},"28":{"start":{"line":72,"column":6},"end":{"line":72,"column":85}},"29":{"start":{"line":75,"column":6},"end":{"line":84,"column":8}},"30":{"start":{"line":81,"column":38},"end":{"line":81,"column":44}},"31":{"start":{"line":87,"column":6},"end":{"line":89,"column":7}},"32":{"start":{"line":88,"column":8},"end":{"line":88,"column":20}},"33":{"start":{"line":92,"column":6},"end":{"line":92,"column":69}},"34":{"start":{"line":93,"column":6},"end":{"line":93,"column":90}},"35":{"start":{"line":98,"column":4},"end":{"line":109,"column":5}},"36":{"start":{"line":99,"column":19},"end":{"line":99,"column":61}},"37":{"start":{"line":100,"column":6},"end":{"line":102,"column":7}},"38":{"start":{"line":101,"column":8},"end":{"line":101,"column":20}},"39":{"start":{"line":104,"column":30},"end":{"line":104,"column":86}},"40":{"start":{"line":105,"column":6},"end":{"line":105,"column":43}},"41":{"start":{"line":107,"column":6},"end":{"line":107,"column":70}},"42":{"start":{"line":108,"column":6},"end":{"line":108,"column":18}},"43":{"start":{"line":113,"column":32},"end":{"line":118,"column":6}},"44":{"start":{"line":116,"column":34},"end":{"line":116,"column":40}},"45":{"start":{"line":120,"column":4},"end":{"line":146,"column":5}},"46":{"start":{"line":121,"column":26},"end":{"line":123,"column":8}},"47":{"start":{"line":125,"column":27},"end":{"line":134,"column":null}},"48":{"start":{"line":137,"column":6},"end":{"line":142,"column":8}},"49":{"start":{"line":144,"column":6},"end":{"line":144,"column":78}},"50":{"start":{"line":145,"column":6},"end":{"line":145,"column":67}},"51":{"start":{"line":27,"column":13},"end":{"line":27,"column":24}},"52":{"start":{"line":27,"column":13},"end":{"line":148,"column":null}}},"fnMap":{"0":{"name":"(anonymous_2)","decl":{"start":{"line":30,"column":2},"end":{"line":30,"column":null}},"loc":{"start":{"line":33,"column":40},"end":{"line":34,"column":6}}},"1":{"name":"(anonymous_3)","decl":{"start":{"line":36,"column":2},"end":{"line":36,"column":7}},"loc":{"start":{"line":36,"column":32},"end":{"line":95,"column":3}}},"2":{"name":"(anonymous_4)","decl":{"start":{"line":81,"column":33},"end":{"line":81,"column":34}},"loc":{"start":{"line":81,"column":38},"end":{"line":81,"column":44}}},"3":{"name":"(anonymous_5)","decl":{"start":{"line":97,"column":2},"end":{"line":97,"column":7}},"loc":{"start":{"line":97,"column":52},"end":{"line":110,"column":3}}},"4":{"name":"(anonymous_6)","decl":{"start":{"line":112,"column":10},"end":{"line":112,"column":15}},"loc":{"start":{"line":112,"column":59},"end":{"line":147,"column":3}}},"5":{"name":"(anonymous_7)","decl":{"start":{"line":116,"column":29},"end":{"line":116,"column":30}},"loc":{"start":{"line":116,"column":34},"end":{"line":116,"column":40}}}},"branchMap":{"0":{"loc":{"start":{"line":39,"column":6},"end":{"line":41,"column":7}},"type":"if","locations":[{"start":{"line":39,"column":6},"end":{"line":41,"column":7}},{"start":{},"end":{}}]},"1":{"loc":{"start":{"line":39,"column":10},"end":{"line":39,"column":47}},"type":"binary-expr","locations":[{"start":{"line":39,"column":10},"end":{"line":39,"column":25}},{"start":{"line":39,"column":29},"end":{"line":39,"column":47}}]},"2":{"loc":{"start":{"line":45,"column":6},"end":{"line":48,"column":7}},"type":"if","locations":[{"start":{"line":45,"column":6},"end":{"line":48,"column":7}},{"start":{},"end":{}}]},"3":{"loc":{"start":{"line":51,"column":6},"end":{"line":54,"column":7}},"type":"if","locations":[{"start":{"line":51,"column":6},"end":{"line":54,"column":7}},{"start":{},"end":{}}]},"4":{"loc":{"start":{"line":58,"column":6},"end":{"line":61,"column":7}},"type":"if","locations":[{"start":{"line":58,"column":6},"end":{"line":61,"column":7}},{"start":{},"end":{}}]},"5":{"loc":{"start":{"line":64,"column":6},"end":{"line":66,"column":7}},"type":"if","locations":[{"start":{"line":64,"column":6},"end":{"line":66,"column":7}},{"start":{},"end":{}}]},"6":{"loc":{"start":{"line":64,"column":10},"end":{"line":64,"column":61}},"type":"binary-expr","locations":[{"start":{"line":64,"column":10},"end":{"line":64,"column":28}},{"start":{"line":64,"column":32},"end":{"line":64,"column":61}}]},"7":{"loc":{"start":{"line":81,"column":17},"end":{"line":81,"column":51}},"type":"binary-expr","locations":[{"start":{"line":81,"column":17},"end":{"line":81,"column":45}},{"start":{"line":81,"column":49},"end":{"line":81,"column":51}}]},"8":{"loc":{"start":{"line":81,"column":17},"end":{"line":81,"column":45}},"type":"cond-expr","locations":[{"start":{"line":81,"column":27},"end":{"line":81,"column":29}},{"start":{"line":81,"column":27},"end":{"line":81,"column":45}}]},"9":{"loc":{"start":{"line":81,"column":17},"end":{"line":81,"column":29}},"type":"binary-expr","locations":[{"start":{"line":81,"column":17},"end":{"line":81,"column":29}},{"start":{"line":81,"column":27},"end":{"line":81,"column":29}}]},"10":{"loc":{"start":{"line":87,"column":6},"end":{"line":89,"column":7}},"type":"if","locations":[{"start":{"line":87,"column":6},"end":{"line":89,"column":7}},{"start":{},"end":{}}]},"11":{"loc":{"start":{"line":87,"column":10},"end":{"line":87,"column":90}},"type":"binary-expr","locations":[{"start":{"line":87,"column":10},"end":{"line":87,"column":50}},{"start":{"line":87,"column":54},"end":{"line":87,"column":90}}]},"12":{"loc":{"start":{"line":100,"column":6},"end":{"line":102,"column":7}},"type":"if","locations":[{"start":{"line":100,"column":6},"end":{"line":102,"column":7}},{"start":{},"end":{}}]},"13":{"loc":{"start":{"line":105,"column":13},"end":{"line":105,"column":42}},"type":"cond-expr","locations":[{"start":{"line":105,"column":31},"end":{"line":105,"column":35}},{"start":{"line":105,"column":38},"end":{"line":105,"column":42}}]},"14":{"loc":{"start":{"line":116,"column":13},"end":{"line":116,"column":47}},"type":"binary-expr","locations":[{"start":{"line":116,"column":13},"end":{"line":116,"column":41}},{"start":{"line":116,"column":45},"end":{"line":116,"column":47}}]},"15":{"loc":{"start":{"line":116,"column":13},"end":{"line":116,"column":41}},"type":"cond-expr","locations":[{"start":{"line":116,"column":23},"end":{"line":116,"column":25}},{"start":{"line":116,"column":23},"end":{"line":116,"column":41}}]},"16":{"loc":{"start":{"line":116,"column":13},"end":{"line":116,"column":25}},"type":"binary-expr","locations":[{"start":{"line":116,"column":13},"end":{"line":116,"column":25}},{"start":{"line":116,"column":23},"end":{"line":116,"column":25}}]}},"s":{"0":0,"1":0,"2":0,"3":0,"4":0,"5":0,"6":0,"7":0,"8":0,"9":0,"10":0,"11":0,"12":0,"13":0,"14":0,"15":0,"16":0,"17":0,"18":0,"19":0,"20":0,"21":0,"22":0,"23":0,"24":0,"25":0,"26":0,"27":0,"28":0,"29":0,"30":0,"31":0,"32":0,"33":0,"34":0,"35":0,"36":0,"37":0,"38":0,"39":0,"40":0,"41":0,"42":0,"43":0,"44":0,"45":0,"46":0,"47":0,"48":0,"49":0,"50":0,"51":0,"52":0},"f":{"0":0,"1":0,"2":0,"3":0,"4":0,"5":0},"b":{"0":[0,0],"1":[0,0],"2":[0,0],"3":[0,0],"4":[0,0],"5":[0,0],"6":[0,0],"7":[0,0],"8":[0,0],"9":[0,0],"10":[0,0],"11":[0,0],"12":[0,0],"13":[0,0],"14":[0,0],"15":[0,0],"16":[0,0]}}
,"/Users/Hp/Desktop/newproject/pager-system/backend/src/auth/decorators/roles.decorator.ts": {"path":"/Users/Hp/Desktop/newproject/pager-system/backend/src/auth/decorators/roles.decorator.ts","statementMap":{"0":{"start":{"line":1,"column":0},"end":{"line":1,"column":45}},"1":{"start":{"line":4,"column":13},"end":{"line":4,"column":33}},"2":{"start":{"line":5,"column":21},"end":{"line":5,"column":76}},"3":{"start":{"line":5,"column":47},"end":{"line":5,"column":76}},"4":{"start":{"line":5,"column":13},"end":{"line":5,"column":21}}},"fnMap":{"0":{"name":"(anonymous_0)","decl":{"start":{"line":5,"column":21},"end":{"line":5,"column":22}},"loc":{"start":{"line":5,"column":47},"end":{"line":5,"column":76}}}},"branchMap":{},"s":{"0":0,"1":0,"2":0,"3":0,"4":0},"f":{"0":0},"b":{}}
,"/Users/Hp/Desktop/newproject/pager-system/backend/src/auth/dto/login.dto.ts": {"path":"/Users/Hp/Desktop/newproject/pager-system/backend/src/auth/dto/login.dto.ts","statementMap":{"0":{"start":{"line":1,"column":0},"end":{"line":1,"column":75}},"1":{"start":{"line":2,"column":0},"end":{"line":2,"column":67}},"2":{"start":{"line":4,"column":0},"end":{"line":4,"column":13}},"3":{"start":{"line":7,"column":2},"end":{"line":7,"column":null}},"4":{"start":{"line":12,"column":2},"end":{"line":12,"column":null}},"5":{"start":{"line":17,"column":2},"end":{"line":17,"column":null}}},"fnMap":{},"branchMap":{},"s":{"0":0,"1":0,"2":0,"3":0,"4":0,"5":0},"f":{},"b":{}}
,"/Users/Hp/Desktop/newproject/pager-system/backend/src/auth/guards/jwt-auth.guard.ts": {"path":"/Users/Hp/Desktop/newproject/pager-system/backend/src/auth/guards/jwt-auth.guard.ts","statementMap":{"0":{"start":{"line":1,"column":0},"end":{"line":1,"column":44}},"1":{"start":{"line":2,"column":0},"end":{"line":2,"column":45}},"2":{"start":{"line":5,"column":7},"end":{"line":5,"column":null}},"3":{"start":{"line":5,"column":13},"end":{"line":5,"column":25}},"4":{"start":{"line":5,"column":13},"end":{"line":5,"column":null}}},"fnMap":{},"branchMap":{},"s":{"0":0,"1":0,"2":0,"3":0,"4":0},"f":{},"b":{}}
,"/Users/Hp/Desktop/newproject/pager-system/backend/src/auth/guards/roles.guard.ts": {"path":"/Users/Hp/Desktop/newproject/pager-system/backend/src/auth/guards/roles.guard.ts","statementMap":{"0":{"start":{"line":1,"column":0},"end":{"line":1,"column":75}},"1":{"start":{"line":2,"column":0},"end":{"line":2,"column":41}},"2":{"start":{"line":6,"column":7},"end":{"line":29,"column":null}},"3":{"start":{"line":7,"column":22},"end":{"line":7,"column":33}},"4":{"start":{"line":10,"column":26},"end":{"line":13,"column":6}},"5":{"start":{"line":15,"column":4},"end":{"line":17,"column":5}},"6":{"start":{"line":16,"column":6},"end":{"line":16,"column":18}},"7":{"start":{"line":19,"column":20},"end":{"line":19,"column":55}},"8":{"start":{"line":20,"column":17},"end":{"line":20,"column":29}},"9":{"start":{"line":22,"column":4},"end":{"line":24,"column":5}},"10":{"start":{"line":23,"column":6},"end":{"line":23,"column":19}},"11":{"start":{"line":27,"column":4},"end":{"line":27,"column":65}},"12":{"start":{"line":27,"column":38},"end":{"line":27,"column":63}},"13":{"start":{"line":6,"column":13},"end":{"line":6,"column":23}},"14":{"start":{"line":6,"column":13},"end":{"line":29,"column":null}}},"fnMap":{"0":{"name":"(anonymous_2)","decl":{"start":{"line":7,"column":2},"end":{"line":7,"column":22}},"loc":{"start":{"line":7,"column":42},"end":{"line":7,"column":46}}},"1":{"name":"(anonymous_3)","decl":{"start":{"line":9,"column":2},"end":{"line":9,"column":13}},"loc":{"start":{"line":9,"column":39},"end":{"line":28,"column":3}}},"2":{"name":"(anonymous_4)","decl":{"start":{"line":27,"column":30},"end":{"line":27,"column":34}},"loc":{"start":{"line":27,"column":38},"end":{"line":27,"column":63}}}},"branchMap":{"0":{"loc":{"start":{"line":15,"column":4},"end":{"line":17,"column":5}},"type":"if","locations":[{"start":{"line":15,"column":4},"end":{"line":17,"column":5}},{"start":{},"end":{}}]},"1":{"loc":{"start":{"line":15,"column":8},"end":{"line":15,"column":52}},"type":"binary-expr","locations":[{"start":{"line":15,"column":8},"end":{"line":15,"column":22}},{"start":{"line":15,"column":26},"end":{"line":15,"column":52}}]},"2":{"loc":{"start":{"line":22,"column":4},"end":{"line":24,"column":5}},"type":"if","locations":[{"start":{"line":22,"column":4},"end":{"line":24,"column":5}},{"start":{},"end":{}}]},"3":{"loc":{"start":{"line":22,"column":8},"end":{"line":22,"column":28}},"type":"binary-expr","locations":[{"start":{"line":22,"column":8},"end":{"line":22,"column":13}},{"start":{"line":22,"column":17},"end":{"line":22,"column":28}}]}},"s":{"0":0,"1":0,"2":0,"3":0,"4":0,"5":0,"6":0,"7":0,"8":0,"9":0,"10":0,"11":0,"12":0,"13":0,"14":0},"f":{"0":0,"1":0,"2":0},"b":{"0":[0,0],"1":[0,0],"2":[0,0],"3":[0,0]}}
,"/Users/Hp/Desktop/newproject/pager-system/backend/src/auth/strategies/jwt.strategy.ts": {"path":"/Users/Hp/Desktop/newproject/pager-system/backend/src/auth/strategies/jwt.strategy.ts","statementMap":{"0":{"start":{"line":1,"column":0},"end":{"line":1,"column":67}},"1":{"start":{"line":2,"column":0},"end":{"line":2,"column":47}},"2":{"start":{"line":3,"column":0},"end":{"line":3,"column":52}},"3":{"start":{"line":4,"column":0},"end":{"line":4,"column":52}},"4":{"start":{"line":5,"column":0},"end":{"line":5,"column":57}},"5":{"start":{"line":17,"column":7},"end":{"line":43,"column":null}},"6":{"start":{"line":22,"column":4},"end":{"line":26,"column":7}},"7":{"start":{"line":19,"column":12},"end":{"line":19,"column":27}},"8":{"start":{"line":20,"column":12},"end":{"line":20,"column":26}},"9":{"start":{"line":30,"column":17},"end":{"line":30,"column":62}},"10":{"start":{"line":32,"column":4},"end":{"line":34,"column":5}},"11":{"start":{"line":33,"column":6},"end":{"line":33,"column":56}},"12":{"start":{"line":36,"column":4},"end":{"line":41,"column":6}},"13":{"start":{"line":17,"column":13},"end":{"line":17,"column":24}},"14":{"start":{"line":17,"column":13},"end":{"line":43,"column":null}}},"fnMap":{"0":{"name":"(anonymous_2)","decl":{"start":{"line":18,"column":2},"end":{"line":18,"column":null}},"loc":{"start":{"line":20,"column":38},"end":{"line":27,"column":3}}},"1":{"name":"(anonymous_3)","decl":{"start":{"line":29,"column":2},"end":{"line":29,"column":7}},"loc":{"start":{"line":29,"column":36},"end":{"line":42,"column":3}}}},"branchMap":{"0":{"loc":{"start":{"line":32,"column":4},"end":{"line":34,"column":5}},"type":"if","locations":[{"start":{"line":32,"column":4},"end":{"line":34,"column":5}},{"start":{},"end":{}}]},"1":{"loc":{"start":{"line":39,"column":13},"end":{"line":39,"column":29}},"type":"binary-expr","locations":[{"start":{"line":39,"column":13},"end":{"line":39,"column":23}},{"start":{"line":39,"column":27},"end":{"line":39,"column":29}}]}},"s":{"0":0,"1":0,"2":0,"3":0,"4":0,"5":0,"6":0,"7":0,"8":0,"9":0,"10":0,"11":0,"12":0,"13":0,"14":0},"f":{"0":0,"1":0},"b":{"0":[0,0],"1":[0,0]}}
,"/Users/Hp/Desktop/newproject/pager-system/backend/src/common/exceptions/index.ts": {"path":"/Users/Hp/Desktop/newproject/pager-system/backend/src/common/exceptions/index.ts","statementMap":{"0":{"start":{"line":1,"column":0},"end":{"line":1,"column":59}},"1":{"start":{"line":5,"column":4},"end":{"line":15,"column":6}},"2":{"start":{"line":3,"column":0},"end":{"line":3,"column":13}},"3":{"start":{"line":21,"column":4},"end":{"line":30,"column":6}},"4":{"start":{"line":19,"column":0},"end":{"line":19,"column":13}},"5":{"start":{"line":36,"column":4},"end":{"line":45,"column":6}},"6":{"start":{"line":34,"column":0},"end":{"line":34,"column":13}},"7":{"start":{"line":51,"column":4},"end":{"line":60,"column":6}},"8":{"start":{"line":49,"column":0},"end":{"line":49,"column":13}},"9":{"start":{"line":66,"column":4},"end":{"line":75,"column":6}},"10":{"start":{"line":64,"column":0},"end":{"line":64,"column":13}},"11":{"start":{"line":81,"column":4},"end":{"line":90,"column":6}},"12":{"start":{"line":79,"column":0},"end":{"line":79,"column":13}},"13":{"start":{"line":96,"column":4},"end":{"line":105,"column":6}},"14":{"start":{"line":94,"column":0},"end":{"line":94,"column":13}}},"fnMap":{"0":{"name":"(anonymous_0)","decl":{"start":{"line":4,"column":2},"end":{"line":4,"column":14}},"loc":{"start":{"line":4,"column":44},"end":{"line":16,"column":3}}},"1":{"name":"(anonymous_1)","decl":{"start":{"line":20,"column":2},"end":{"line":20,"column":14}},"loc":{"start":{"line":20,"column":59},"end":{"line":31,"column":3}}},"2":{"name":"(anonymous_2)","decl":{"start":{"line":35,"column":2},"end":{"line":35,"column":14}},"loc":{"start":{"line":35,"column":55},"end":{"line":46,"column":3}}},"3":{"name":"(anonymous_3)","decl":{"start":{"line":50,"column":2},"end":{"line":50,"column":14}},"loc":{"start":{"line":50,"column":58},"end":{"line":61,"column":3}}},"4":{"name":"(anonymous_4)","decl":{"start":{"line":65,"column":2},"end":{"line":65,"column":14}},"loc":{"start":{"line":65,"column":30},"end":{"line":76,"column":3}}},"5":{"name":"(anonymous_5)","decl":{"start":{"line":80,"column":2},"end":{"line":80,"column":14}},"loc":{"start":{"line":80,"column":29},"end":{"line":91,"column":3}}},"6":{"name":"(anonymous_6)","decl":{"start":{"line":95,"column":2},"end":{"line":95,"column":14}},"loc":{"start":{"line":95,"column":65},"end":{"line":106,"column":3}}}},"branchMap":{"0":{"loc":{"start":{"line":20,"column":31},"end":{"line":20,"column":59}},"type":"default-arg","locations":[{"start":{"line":20,"column":46},"end":{"line":20,"column":59}}]},"1":{"loc":{"start":{"line":35,"column":14},"end":{"line":35,"column":55}},"type":"default-arg","locations":[{"start":{"line":35,"column":32},"end":{"line":35,"column":55}}]},"2":{"loc":{"start":{"line":50,"column":14},"end":{"line":50,"column":58}},"type":"default-arg","locations":[{"start":{"line":50,"column":32},"end":{"line":50,"column":58}}]},"3":{"loc":{"start":{"line":95,"column":14},"end":{"line":95,"column":65}},"type":"default-arg","locations":[{"start":{"line":95,"column":32},"end":{"line":95,"column":65}}]}},"s":{"0":2,"1":0,"2":2,"3":0,"4":2,"5":0,"6":2,"7":0,"8":2,"9":3,"10":2,"11":1,"12":2,"13":0,"14":2},"f":{"0":0,"1":0,"2":0,"3":0,"4":3,"5":1,"6":0},"b":{"0":[0],"1":[0],"2":[0],"3":[0]}}
,"/Users/Hp/Desktop/newproject/pager-system/backend/src/common/filters/global-exception.filter.ts": {"path":"/Users/Hp/Desktop/newproject/pager-system/backend/src/common/filters/global-exception.filter.ts","statementMap":{"0":{"start":{"line":1,"column":0},"end":{"line":1,"column":null}},"1":{"start":{"line":10,"column":0},"end":{"line":10,"column":43}},"2":{"start":{"line":13,"column":34},"end":{"line":103,"column":null}},"3":{"start":{"line":14,"column":19},"end":{"line":14,"column":67}},"4":{"start":{"line":17,"column":16},"end":{"line":17,"column":35}},"5":{"start":{"line":18,"column":21},"end":{"line":18,"column":48}},"6":{"start":{"line":19,"column":20},"end":{"line":19,"column":45}},"7":{"start":{"line":21,"column":17},"end":{"line":21,"column":49}},"8":{"start":{"line":22,"column":18},"end":{"line":22,"column":41}},"9":{"start":{"line":23,"column":15},"end":{"line":23,"column":31}},"10":{"start":{"line":24,"column":23},"end":{"line":24,"column":32}},"11":{"start":{"line":26,"column":4},"end":{"line":49,"column":5}},"12":{"start":{"line":27,"column":6},"end":{"line":27,"column":37}},"13":{"start":{"line":28,"column":32},"end":{"line":28,"column":55}},"14":{"start":{"line":30,"column":6},"end":{"line":41,"column":7}},"15":{"start":{"line":31,"column":28},"end":{"line":31,"column":52}},"16":{"start":{"line":32,"column":8},"end":{"line":38,"column":9}},"17":{"start":{"line":33,"column":10},"end":{"line":33,"column":48}},"18":{"start":{"line":34,"column":10},"end":{"line":34,"column":57}},"19":{"start":{"line":35,"column":10},"end":{"line":35,"column":46}},"20":{"start":{"line":37,"column":10},"end":{"line":37,"column":51}},"21":{"start":{"line":40,"column":8},"end":{"line":40,"column":46}},"22":{"start":{"line":42,"column":11},"end":{"line":49,"column":5}},"23":{"start":{"line":43,"column":6},"end":{"line":43,"column":38}},"24":{"start":{"line":44,"column":6},"end":{"line":44,"column":30}},"25":{"start":{"line":45,"column":6},"end":{"line":45,"column":44}},"26":{"start":{"line":46,"column":6},"end":{"line":46,"column":62}},"27":{"start":{"line":47,"column":11},"end":{"line":49,"column":5}},"28":{"start":{"line":48,"column":6},"end":{"line":48,"column":34}},"29":{"start":{"line":52,"column":4},"end":{"line":69,"column":6}},"30":{"start":{"line":71,"column":26},"end":{"line":83,"column":6}},"31":{"start":{"line":85,"column":4},"end":{"line":85,"column":48}},"32":{"start":{"line":89,"column":4},"end":{"line":89,"column":55}},"33":{"start":{"line":89,"column":43},"end":{"line":89,"column":55}},"34":{"start":{"line":91,"column":19},"end":{"line":91,"column":33}},"35":{"start":{"line":94,"column":28},"end":{"line":94,"column":75}},"36":{"start":{"line":95,"column":4},"end":{"line":99,"column":7}},"37":{"start":{"line":96,"column":6},"end":{"line":98,"column":7}},"38":{"start":{"line":97,"column":8},"end":{"line":97,"column":40}},"39":{"start":{"line":101,"column":4},"end":{"line":101,"column":21}},"40":{"start":{"line":13,"column":13},"end":{"line":13,"column":34}},"41":{"start":{"line":13,"column":13},"end":{"line":103,"column":null}}},"fnMap":{"0":{"name":"(anonymous_1)","decl":{"start":{"line":13,"column":7},"end":{"line":13,"column":13}},"loc":{"start":{"line":13,"column":7},"end":{"line":103,"column":1}}},"1":{"name":"(anonymous_2)","decl":{"start":{"line":16,"column":2},"end":{"line":16,"column":7}},"loc":{"start":{"line":16,"column":47},"end":{"line":86,"column":3}}},"2":{"name":"(anonymous_3)","decl":{"start":{"line":88,"column":10},"end":{"line":88,"column":29}},"loc":{"start":{"line":88,"column":39},"end":{"line":102,"column":3}}},"3":{"name":"(anonymous_4)","decl":{"start":{"line":95,"column":28},"end":{"line":95,"column":33}},"loc":{"start":{"line":95,"column":36},"end":{"line":99,"column":5}}}},"branchMap":{"0":{"loc":{"start":{"line":26,"column":4},"end":{"line":49,"column":5}},"type":"if","locations":[{"start":{"line":26,"column":4},"end":{"line":49,"column":5}},{"start":{"line":42,"column":11},"end":{"line":49,"column":5}}]},"1":{"loc":{"start":{"line":30,"column":6},"end":{"line":41,"column":7}},"type":"if","locations":[{"start":{"line":30,"column":6},"end":{"line":41,"column":7}},{"start":{"line":39,"column":13},"end":{"line":41,"column":7}}]},"2":{"loc":{"start":{"line":30,"column":10},"end":{"line":30,"column":77}},"type":"binary-expr","locations":[{"start":{"line":30,"column":10},"end":{"line":30,"column":47}},{"start":{"line":30,"column":51},"end":{"line":30,"column":77}}]},"3":{"loc":{"start":{"line":32,"column":8},"end":{"line":38,"column":9}},"type":"if","locations":[{"start":{"line":32,"column":8},"end":{"line":38,"column":9}},{"start":{"line":36,"column":15},"end":{"line":38,"column":9}}]},"4":{"loc":{"start":{"line":33,"column":17},"end":{"line":33,"column":47}},"type":"binary-expr","locations":[{"start":{"line":33,"column":17},"end":{"line":33,"column":39}},{"start":{"line":33,"column":43},"end":{"line":33,"column":47}}]},"5":{"loc":{"start":{"line":34,"column":20},"end":{"line":34,"column":56}},"type":"binary-expr","locations":[{"start":{"line":34,"column":20},"end":{"line":34,"column":45}},{"start":{"line":34,"column":49},"end":{"line":34,"column":56}}]},"6":{"loc":{"start":{"line":37,"column":20},"end":{"line":37,"column":50}},"type":"binary-expr","locations":[{"start":{"line":37,"column":20},"end":{"line":37,"column":39}},{"start":{"line":37,"column":43},"end":{"line":37,"column":50}}]},"7":{"loc":{"start":{"line":42,"column":11},"end":{"line":49,"column":5}},"type":"if","locations":[{"start":{"line":42,"column":11},"end":{"line":49,"column":5}},{"start":{"line":47,"column":11},"end":{"line":49,"column":5}}]},"8":{"loc":{"start":{"line":47,"column":11},"end":{"line":49,"column":5}},"type":"if","locations":[{"start":{"line":47,"column":11},"end":{"line":49,"column":5}},{"start":{},"end":{}}]},"9":{"loc":{"start":{"line":55,"column":19},"end":{"line":55,"column":83}},"type":"cond-expr","locations":[{"start":{"line":55,"column":48},"end":{"line":55,"column":63}},{"start":{"line":55,"column":66},"end":{"line":55,"column":83}}]},"10":{"loc":{"start":{"line":76,"column":12},"end":{"line":76,"column":34}},"type":"binary-expr","locations":[{"start":{"line":76,"column":12},"end":{"line":76,"column":19}},{"start":{"line":76,"column":23},"end":{"line":76,"column":34}}]},"11":{"loc":{"start":{"line":77,"column":12},"end":{"line":79,"column":10}},"type":"binary-expr","locations":[{"start":{"line":77,"column":12},"end":{"line":77,"column":50}},{"start":{"line":77,"column":54},"end":{"line":79,"column":10}}]},"12":{"loc":{"start":{"line":78,"column":17},"end":{"line":78,"column":73}},"type":"cond-expr","locations":[{"start":{"line":78,"column":46},"end":{"line":78,"column":61}},{"start":{"line":78,"column":64},"end":{"line":78,"column":73}}]},"13":{"loc":{"start":{"line":89,"column":4},"end":{"line":89,"column":55}},"type":"if","locations":[{"start":{"line":89,"column":4},"end":{"line":89,"column":55}},{"start":{},"end":{}}]},"14":{"loc":{"start":{"line":89,"column":8},"end":{"line":89,"column":41}},"type":"binary-expr","locations":[{"start":{"line":89,"column":8},"end":{"line":89,"column":13}},{"start":{"line":89,"column":17},"end":{"line":89,"column":41}}]},"15":{"loc":{"start":{"line":96,"column":6},"end":{"line":98,"column":7}},"type":"if","locations":[{"start":{"line":96,"column":6},"end":{"line":98,"column":7}},{"start":{},"end":{}}]}},"s":{"0":0,"1":0,"2":0,"3":0,"4":0,"5":0,"6":0,"7":0,"8":0,"9":0,"10":0,"11":0,"12":0,"13":0,"14":0,"15":0,"16":0,"17":0,"18":0,"19":0,"20":0,"21":0,"22":0,"23":0,"24":0,"25":0,"26":0,"27":0,"28":0,"29":0,"30":0,"31":0,"32":0,"33":0,"34":0,"35":0,"36":0,"37":0,"38":0,"39":0,"40":0,"41":0},"f":{"0":0,"1":0,"2":0,"3":0},"b":{"0":[0,0],"1":[0,0],"2":[0,0],"3":[0,0],"4":[0,0],"5":[0,0],"6":[0,0],"7":[0,0],"8":[0,0],"9":[0,0],"10":[0,0],"11":[0,0],"12":[0,0],"13":[0,0],"14":[0,0],"15":[0,0]}}
,"/Users/Hp/Desktop/newproject/pager-system/backend/src/common/interceptors/logging.interceptor.ts": {"path":"/Users/Hp/Desktop/newproject/pager-system/backend/src/common/interceptors/logging.interceptor.ts","statementMap":{"0":{"start":{"line":1,"column":0},"end":{"line":1,"column":null}},"1":{"start":{"line":9,"column":0},"end":{"line":9,"column":37}},"2":{"start":{"line":13,"column":7},"end":{"line":45,"column":null}},"3":{"start":{"line":14,"column":19},"end":{"line":14,"column":47}},"4":{"start":{"line":17,"column":16},"end":{"line":17,"column":38}},"5":{"start":{"line":18,"column":20},"end":{"line":18,"column":45}},"6":{"start":{"line":19,"column":21},"end":{"line":19,"column":48}},"7":{"start":{"line":20,"column":32},"end":{"line":20,"column":39}},"8":{"start":{"line":21,"column":22},"end":{"line":21,"column":53}},"9":{"start":{"line":22,"column":22},"end":{"line":22,"column":32}},"10":{"start":{"line":24,"column":4},"end":{"line":43,"column":6}},"11":{"start":{"line":26,"column":31},"end":{"line":26,"column":39}},"12":{"start":{"line":27,"column":30},"end":{"line":27,"column":65}},"13":{"start":{"line":28,"column":25},"end":{"line":28,"column":47}},"14":{"start":{"line":30,"column":8},"end":{"line":41,"column":10}},"15":{"start":{"line":13,"column":13},"end":{"line":13,"column":31}},"16":{"start":{"line":13,"column":13},"end":{"line":45,"column":null}}},"fnMap":{"0":{"name":"(anonymous_1)","decl":{"start":{"line":13,"column":7},"end":{"line":13,"column":13}},"loc":{"start":{"line":13,"column":7},"end":{"line":45,"column":1}}},"1":{"name":"(anonymous_2)","decl":{"start":{"line":16,"column":2},"end":{"line":16,"column":11}},"loc":{"start":{"line":16,"column":56},"end":{"line":44,"column":3}}},"2":{"name":"(anonymous_3)","decl":{"start":{"line":25,"column":10},"end":{"line":25,"column":13}},"loc":{"start":{"line":25,"column":15},"end":{"line":42,"column":7}}}},"branchMap":{"0":{"loc":{"start":{"line":21,"column":22},"end":{"line":21,"column":53}},"type":"binary-expr","locations":[{"start":{"line":21,"column":22},"end":{"line":21,"column":47}},{"start":{"line":21,"column":51},"end":{"line":21,"column":53}}]},"1":{"loc":{"start":{"line":27,"column":30},"end":{"line":27,"column":65}},"type":"binary-expr","locations":[{"start":{"line":27,"column":30},"end":{"line":27,"column":60}},{"start":{"line":27,"column":64},"end":{"line":27,"column":65}}]}},"s":{"0":0,"1":0,"2":0,"3":0,"4":0,"5":0,"6":0,"7":0,"8":0,"9":0,"10":0,"11":0,"12":0,"13":0,"14":0,"15":0,"16":0},"f":{"0":0,"1":0,"2":0},"b":{"0":[0,0],"1":[0,0]}}
,"/Users/Hp/Desktop/newproject/pager-system/backend/src/common/interceptors/timeout.interceptor.ts": {"path":"/Users/Hp/Desktop/newproject/pager-system/backend/src/common/interceptors/timeout.interceptor.ts","statementMap":{"0":{"start":{"line":1,"column":0},"end":{"line":1,"column":null}},"1":{"start":{"line":8,"column":0},"end":{"line":8,"column":60}},"2":{"start":{"line":9,"column":0},"end":{"line":9,"column":53}},"3":{"start":{"line":12,"column":7},"end":{"line":26,"column":null}},"4":{"start":{"line":14,"column":27},"end":{"line":14,"column":32}},"5":{"start":{"line":16,"column":4},"end":{"line":24,"column":6}},"6":{"start":{"line":19,"column":8},"end":{"line":21,"column":9}},"7":{"start":{"line":20,"column":10},"end":{"line":20,"column":65}},"8":{"start":{"line":20,"column":34},"end":{"line":20,"column":63}},"9":{"start":{"line":22,"column":8},"end":{"line":22,"column":37}},"10":{"start":{"line":22,"column":32},"end":{"line":22,"column":35}},"11":{"start":{"line":12,"column":13},"end":{"line":12,"column":31}},"12":{"start":{"line":12,"column":13},"end":{"line":26,"column":null}}},"fnMap":{"0":{"name":"(anonymous_1)","decl":{"start":{"line":13,"column":2},"end":{"line":13,"column":11}},"loc":{"start":{"line":13,"column":56},"end":{"line":25,"column":3}}},"1":{"name":"(anonymous_2)","decl":{"start":{"line":18,"column":17},"end":{"line":18,"column":20}},"loc":{"start":{"line":18,"column":23},"end":{"line":23,"column":7}}},"2":{"name":"(anonymous_3)","decl":{"start":{"line":20,"column":28},"end":{"line":20,"column":31}},"loc":{"start":{"line":20,"column":34},"end":{"line":20,"column":63}}},"3":{"name":"(anonymous_4)","decl":{"start":{"line":22,"column":26},"end":{"line":22,"column":29}},"loc":{"start":{"line":22,"column":32},"end":{"line":22,"column":35}}}},"branchMap":{"0":{"loc":{"start":{"line":19,"column":8},"end":{"line":21,"column":9}},"type":"if","locations":[{"start":{"line":19,"column":8},"end":{"line":21,"column":9}},{"start":{},"end":{}}]}},"s":{"0":0,"1":0,"2":0,"3":0,"4":0,"5":0,"6":0,"7":0,"8":0,"9":0,"10":0,"11":0,"12":0},"f":{"0":0,"1":0,"2":0,"3":0},"b":{"0":[0,0]}}
,"/Users/Hp/Desktop/newproject/pager-system/backend/src/config/database.config.ts": {"path":"/Users/Hp/Desktop/newproject/pager-system/backend/src/config/database.config.ts","statementMap":{"0":{"start":{"line":1,"column":0},"end":{"line":1,"column":44}},"1":{"start":{"line":2,"column":0},"end":{"line":2,"column":47}},"2":{"start":{"line":6,"column":7},"end":{"line":53,"column":null}},"3":{"start":{"line":7,"column":22},"end":{"line":7,"column":37}},"4":{"start":{"line":10,"column":25},"end":{"line":10,"column":76}},"5":{"start":{"line":11,"column":19},"end":{"line":11,"column":64}},"6":{"start":{"line":14,"column":19},"end":{"line":14,"column":24}},"7":{"start":{"line":15,"column":4},"end":{"line":22,"column":5}},"8":{"start":{"line":16,"column":6},"end":{"line":21,"column":8}},"9":{"start":{"line":24,"column":4},"end":{"line":51,"column":6}},"10":{"start":{"line":6,"column":13},"end":{"line":6,"column":34}},"11":{"start":{"line":6,"column":13},"end":{"line":53,"column":null}}},"fnMap":{"0":{"name":"(anonymous_2)","decl":{"start":{"line":7,"column":2},"end":{"line":7,"column":22}},"loc":{"start":{"line":7,"column":50},"end":{"line":7,"column":54}}},"1":{"name":"(anonymous_3)","decl":{"start":{"line":9,"column":2},"end":{"line":9,"column":22}},"loc":{"start":{"line":9,"column":22},"end":{"line":52,"column":3}}}},"branchMap":{"0":{"loc":{"start":{"line":15,"column":4},"end":{"line":22,"column":5}},"type":"if","locations":[{"start":{"line":15,"column":4},"end":{"line":22,"column":5}},{"start":{},"end":{}}]},"1":{"loc":{"start":{"line":32,"column":19},"end":{"line":32,"column":43}},"type":"binary-expr","locations":[{"start":{"line":32,"column":19},"end":{"line":32,"column":32}},{"start":{"line":32,"column":36},"end":{"line":32,"column":43}}]},"2":{"loc":{"start":{"line":49,"column":21},"end":{"line":49,"column":41}},"type":"cond-expr","locations":[{"start":{"line":49,"column":36},"end":{"line":49,"column":37}},{"start":{"line":49,"column":40},"end":{"line":49,"column":41}}]}},"s":{"0":0,"1":0,"2":0,"3":0,"4":0,"5":0,"6":0,"7":0,"8":0,"9":0,"10":0,"11":0},"f":{"0":0,"1":0},"b":{"0":[0,0],"1":[0,0],"2":[0,0]}}
,"/Users/Hp/Desktop/newproject/pager-system/backend/src/config/redis.config.ts": {"path":"/Users/Hp/Desktop/newproject/pager-system/backend/src/config/redis.config.ts","statementMap":{"0":{"start":{"line":1,"column":0},"end":{"line":1,"column":44}},"1":{"start":{"line":2,"column":0},"end":{"line":2,"column":47}},"2":{"start":{"line":15,"column":7},"end":{"line":52,"column":null}},"3":{"start":{"line":16,"column":22},"end":{"line":16,"column":37}},"4":{"start":{"line":19,"column":25},"end":{"line":19,"column":76}},"5":{"start":{"line":21,"column":4},"end":{"line":29,"column":6}},"6":{"start":{"line":33,"column":19},"end":{"line":33,"column":35}},"7":{"start":{"line":34,"column":4},"end":{"line":50,"column":6}},"8":{"start":{"line":15,"column":13},"end":{"line":15,"column":31}},"9":{"start":{"line":15,"column":13},"end":{"line":52,"column":null}}},"fnMap":{"0":{"name":"(anonymous_2)","decl":{"start":{"line":16,"column":2},"end":{"line":16,"column":22}},"loc":{"start":{"line":16,"column":50},"end":{"line":16,"column":54}}},"1":{"name":"(anonymous_3)","decl":{"start":{"line":18,"column":2},"end":{"line":18,"column":11}},"loc":{"start":{"line":18,"column":11},"end":{"line":30,"column":3}}},"2":{"name":"(anonymous_4)","decl":{"start":{"line":32,"column":2},"end":{"line":32,"column":15}},"loc":{"start":{"line":32,"column":15},"end":{"line":51,"column":3}}}},"branchMap":{"0":{"loc":{"start":{"line":27,"column":28},"end":{"line":27,"column":51}},"type":"cond-expr","locations":[{"start":{"line":27,"column":43},"end":{"line":27,"column":46}},{"start":{"line":27,"column":49},"end":{"line":27,"column":51}}]},"1":{"loc":{"start":{"line":28,"column":28},"end":{"line":28,"column":48}},"type":"cond-expr","locations":[{"start":{"line":28,"column":43},"end":{"line":28,"column":44}},{"start":{"line":28,"column":47},"end":{"line":28,"column":48}}]}},"s":{"0":0,"1":0,"2":0,"3":0,"4":0,"5":0,"6":0,"7":0,"8":0,"9":0},"f":{"0":0,"1":0,"2":0},"b":{"0":[0,0],"1":[0,0]}}
,"/Users/Hp/Desktop/newproject/pager-system/backend/src/database/migrations/1640000000000-InitialSchema.ts": {"path":"/Users/Hp/Desktop/newproject/pager-system/backend/src/database/migrations/1640000000000-InitialSchema.ts","statementMap":{"0":{"start":{"line":1,"column":0},"end":{"line":1,"column":72}},"1":{"start":{"line":6,"column":4},"end":{"line":67,"column":6}},"2":{"start":{"line":70,"column":4},"end":{"line":110,"column":6}},"3":{"start":{"line":113,"column":4},"end":{"line":118,"column":7}},"4":{"start":{"line":122,"column":4},"end":{"line":127,"column":7}},"5":{"start":{"line":128,"column":4},"end":{"line":128,"column":46}},"6":{"start":{"line":129,"column":4},"end":{"line":129,"column":41}},"7":{"start":{"line":3,"column":0},"end":{"line":3,"column":13}}},"fnMap":{"0":{"name":"(anonymous_0)","decl":{"start":{"line":4,"column":9},"end":{"line":4,"column":14}},"loc":{"start":{"line":4,"column":42},"end":{"line":119,"column":3}}},"1":{"name":"(anonymous_1)","decl":{"start":{"line":121,"column":9},"end":{"line":121,"column":14}},"loc":{"start":{"line":121,"column":44},"end":{"line":130,"column":3}}}},"branchMap":{},"s":{"0":0,"1":0,"2":0,"3":0,"4":0,"5":0,"6":0,"7":0},"f":{"0":0,"1":0},"b":{}}
,"/Users/Hp/Desktop/newproject/pager-system/backend/src/escalation/escalation.module.ts": {"path":"/Users/Hp/Desktop/newproject/pager-system/backend/src/escalation/escalation.module.ts","statementMap":{"0":{"start":{"line":1,"column":0},"end":{"line":1,"column":40}},"1":{"start":{"line":2,"column":0},"end":{"line":2,"column":42}},"2":{"start":{"line":3,"column":0},"end":{"line":3,"column":78}},"3":{"start":{"line":4,"column":0},"end":{"line":4,"column":64}},"4":{"start":{"line":16,"column":7},"end":{"line":16,"column":null}},"5":{"start":{"line":16,"column":13},"end":{"line":16,"column":29}},"6":{"start":{"line":16,"column":13},"end":{"line":16,"column":null}}},"fnMap":{},"branchMap":{},"s":{"0":0,"1":0,"2":0,"3":0,"4":0,"5":0,"6":0},"f":{},"b":{}}
,"/Users/Hp/Desktop/newproject/pager-system/backend/src/escalation/escalation.service.ts": {"path":"/Users/Hp/Desktop/newproject/pager-system/backend/src/escalation/escalation.service.ts","statementMap":{"0":{"start":{"line":1,"column":0},"end":{"line":1,"column":66}},"1":{"start":{"line":2,"column":0},"end":{"line":2,"column":63}},"2":{"start":{"line":4,"column":0},"end":{"line":4,"column":66}},"3":{"start":{"line":6,"column":0},"end":{"line":6,"column":54}},"4":{"start":{"line":7,"column":0},"end":{"line":7,"column":74}},"5":{"start":{"line":8,"column":0},"end":{"line":8,"column":55}},"6":{"start":{"line":18,"column":30},"end":{"line":129,"column":null}},"7":{"start":{"line":22,"column":39},"end":{"line":22,"column":61}},"8":{"start":{"line":23,"column":12},"end":{"line":23,"column":30}},"9":{"start":{"line":24,"column":12},"end":{"line":24,"column":28}},"10":{"start":{"line":25,"column":12},"end":{"line":25,"column":26}},"11":{"start":{"line":26,"column":12},"end":{"line":26,"column":26}},"12":{"start":{"line":19,"column":19},"end":{"line":19,"column":63}},"13":{"start":{"line":31,"column":4},"end":{"line":31,"column":37}},"14":{"start":{"line":35,"column":4},"end":{"line":75,"column":7}},"15":{"start":{"line":36,"column":6},"end":{"line":74,"column":7}},"16":{"start":{"line":38,"column":8},"end":{"line":38,"column":48}},"17":{"start":{"line":41,"column":25},"end":{"line":41,"column":73}},"18":{"start":{"line":42,"column":8},"end":{"line":45,"column":9}},"19":{"start":{"line":43,"column":10},"end":{"line":43,"column":87}},"20":{"start":{"line":44,"column":10},"end":{"line":44,"column":17}},"21":{"start":{"line":47,"column":43},"end":{"line":52,"column":10}},"22":{"start":{"line":54,"column":8},"end":{"line":68,"column":10}},"23":{"start":{"line":70,"column":8},"end":{"line":70,"column":104}},"24":{"start":{"line":72,"column":8},"end":{"line":72,"column":94}},"25":{"start":{"line":73,"column":8},"end":{"line":73,"column":20}},"26":{"start":{"line":79,"column":4},"end":{"line":89,"column":5}},"27":{"start":{"line":81,"column":19},"end":{"line":81,"column":87}},"28":{"start":{"line":82,"column":27},"end":{"line":82,"column":81}},"29":{"start":{"line":82,"column":46},"end":{"line":82,"column":80}},"30":{"start":{"line":84,"column":6},"end":{"line":84,"column":63}},"31":{"start":{"line":84,"column":48},"end":{"line":84,"column":60}},"32":{"start":{"line":86,"column":6},"end":{"line":86,"column":73}},"33":{"start":{"line":88,"column":6},"end":{"line":88,"column":90}},"34":{"start":{"line":93,"column":4},"end":{"line":101,"column":5}},"35":{"start":{"line":94,"column":23},"end":{"line":94,"column":71}},"36":{"start":{"line":95,"column":29},"end":{"line":95,"column":83}},"37":{"start":{"line":97,"column":6},"end":{"line":97,"column":64}},"38":{"start":{"line":98,"column":6},"end":{"line":98,"column":75}},"39":{"start":{"line":100,"column":6},"end":{"line":100,"column":94}},"40":{"start":{"line":105,"column":4},"end":{"line":127,"column":5}},"41":{"start":{"line":107,"column":20},"end":{"line":107,"column":58}},"42":{"start":{"line":108,"column":30},"end":{"line":108,"column":39}},"43":{"start":{"line":114,"column":19},"end":{"line":114,"column":77}},"44":{"start":{"line":115,"column":27},"end":{"line":119,"column":8}},"45":{"start":{"line":118,"column":8},"end":{"line":118,"column":21}},"46":{"start":{"line":121,"column":6},"end":{"line":124,"column":7}},"47":{"start":{"line":122,"column":8},"end":{"line":122,"column":65}},"48":{"start":{"line":122,"column":50},"end":{"line":122,"column":62}},"49":{"start":{"line":123,"column":8},"end":{"line":123,"column":86}},"50":{"start":{"line":126,"column":6},"end":{"line":126,"column":67}},"51":{"start":{"line":18,"column":13},"end":{"line":18,"column":30}},"52":{"start":{"line":18,"column":13},"end":{"line":129,"column":null}},"53":{"start":{"line":132,"column":32},"end":{"line":263,"column":null}},"54":{"start":{"line":136,"column":12},"end":{"line":136,"column":30}},"55":{"start":{"line":137,"column":12},"end":{"line":137,"column":31}},"56":{"start":{"line":138,"column":12},"end":{"line":138,"column":26}},"57":{"start":{"line":133,"column":19},"end":{"line":133,"column":65}},"58":{"start":{"line":143,"column":67},"end":{"line":143,"column":75}},"59":{"start":{"line":145,"column":4},"end":{"line":203,"column":5}},"60":{"start":{"line":146,"column":6},"end":{"line":146,"column":97}},"61":{"start":{"line":149,"column":23},"end":{"line":149,"column":71}},"62":{"start":{"line":151,"column":6},"end":{"line":154,"column":7}},"63":{"start":{"line":152,"column":8},"end":{"line":152,"column":93}},"64":{"start":{"line":153,"column":8},"end":{"line":153,"column":15}},"65":{"start":{"line":157,"column":22},"end":{"line":157,"column":77}},"66":{"start":{"line":159,"column":6},"end":{"line":162,"column":7}},"67":{"start":{"line":160,"column":8},"end":{"line":160,"column":106}},"68":{"start":{"line":161,"column":8},"end":{"line":161,"column":15}},"69":{"start":{"line":165,"column":6},"end":{"line":170,"column":9}},"70":{"start":{"line":173,"column":6},"end":{"line":195,"column":7}},"71":{"start":{"line":174,"column":47},"end":{"line":179,"column":10}},"72":{"start":{"line":181,"column":8},"end":{"line":190,"column":11}},"73":{"start":{"line":192,"column":8},"end":{"line":192,"column":86}},"74":{"start":{"line":194,"column":8},"end":{"line":194,"column":87}},"75":{"start":{"line":198,"column":6},"end":{"line":198,"column":91}},"76":{"start":{"line":202,"column":6},"end":{"line":202,"column":18}},"77":{"start":{"line":207,"column":30},"end":{"line":207,"column":32}},"78":{"start":{"line":209,"column":4},"end":{"line":236,"column":5}},"79":{"start":{"line":210,"column":6},"end":{"line":232,"column":7}},"80":{"start":{"line":212,"column":10},"end":{"line":220,"column":11}},"81":{"start":{"line":213,"column":12},"end":{"line":213,"column":46}},"82":{"start":{"line":216,"column":31},"end":{"line":216,"column":64}},"83":{"start":{"line":217,"column":12},"end":{"line":219,"column":13}},"84":{"start":{"line":218,"column":14},"end":{"line":218,"column":39}},"85":{"start":{"line":221,"column":10},"end":{"line":221,"column":16}},"86":{"start":{"line":224,"column":28},"end":{"line":224,"column":61}},"87":{"start":{"line":225,"column":10},"end":{"line":225,"column":37}},"88":{"start":{"line":226,"column":10},"end":{"line":226,"column":16}},"89":{"start":{"line":229,"column":29},"end":{"line":229,"column":63}},"90":{"start":{"line":230,"column":10},"end":{"line":230,"column":38}},"91":{"start":{"line":231,"column":10},"end":{"line":231,"column":16}},"92":{"start":{"line":234,"column":6},"end":{"line":234,"column":87}},"93":{"start":{"line":238,"column":4},"end":{"line":238,"column":19}},"94":{"start":{"line":242,"column":4},"end":{"line":249,"column":5}},"95":{"start":{"line":245,"column":6},"end":{"line":245,"column":18}},"96":{"start":{"line":247,"column":6},"end":{"line":247,"column":70}},"97":{"start":{"line":248,"column":6},"end":{"line":248,"column":18}},"98":{"start":{"line":253,"column":4},"end":{"line":261,"column":5}},"99":{"start":{"line":256,"column":6},"end":{"line":256,"column":75}},"100":{"start":{"line":257,"column":6},"end":{"line":257,"column":16}},"101":{"start":{"line":259,"column":6},"end":{"line":259,"column":71}},"102":{"start":{"line":260,"column":6},"end":{"line":260,"column":16}},"103":{"start":{"line":132,"column":13},"end":{"line":132,"column":32}},"104":{"start":{"line":142,"column":8},"end":{"line":204,"column":null}},"105":{"start":{"line":132,"column":13},"end":{"line":263,"column":null}}},"fnMap":{"0":{"name":"(anonymous_4)","decl":{"start":{"line":21,"column":2},"end":{"line":21,"column":null}},"loc":{"start":{"line":26,"column":39},"end":{"line":27,"column":6}}},"1":{"name":"(anonymous_5)","decl":{"start":{"line":29,"column":2},"end":{"line":29,"column":7}},"loc":{"start":{"line":29,"column":20},"end":{"line":32,"column":3}}},"2":{"name":"(anonymous_6)","decl":{"start":{"line":34,"column":2},"end":{"line":34,"column":7}},"loc":{"start":{"line":34,"column":74},"end":{"line":76,"column":3}}},"3":{"name":"(anonymous_7)","decl":{"start":{"line":35,"column":59},"end":{"line":35,"column":64}},"loc":{"start":{"line":35,"column":70},"end":{"line":75,"column":5}}},"4":{"name":"(anonymous_8)","decl":{"start":{"line":78,"column":2},"end":{"line":78,"column":7}},"loc":{"start":{"line":78,"column":43},"end":{"line":90,"column":3}}},"5":{"name":"(anonymous_9)","decl":{"start":{"line":82,"column":39},"end":{"line":82,"column":42}},"loc":{"start":{"line":82,"column":46},"end":{"line":82,"column":80}}},"6":{"name":"(anonymous_10)","decl":{"start":{"line":84,"column":41},"end":{"line":84,"column":44}},"loc":{"start":{"line":84,"column":48},"end":{"line":84,"column":60}}},"7":{"name":"(anonymous_11)","decl":{"start":{"line":92,"column":2},"end":{"line":92,"column":7}},"loc":{"start":{"line":92,"column":75},"end":{"line":102,"column":3}}},"8":{"name":"(anonymous_12)","decl":{"start":{"line":104,"column":10},"end":{"line":104,"column":15}},"loc":{"start":{"line":104,"column":35},"end":{"line":128,"column":3}}},"9":{"name":"(anonymous_13)","decl":{"start":{"line":115,"column":39},"end":{"line":115,"column":42}},"loc":{"start":{"line":115,"column":45},"end":{"line":119,"column":7}}},"10":{"name":"(anonymous_14)","decl":{"start":{"line":122,"column":43},"end":{"line":122,"column":46}},"loc":{"start":{"line":122,"column":50},"end":{"line":122,"column":62}}},"11":{"name":"(anonymous_15)","decl":{"start":{"line":135,"column":2},"end":{"line":135,"column":null}},"loc":{"start":{"line":138,"column":39},"end":{"line":139,"column":6}}},"12":{"name":"(anonymous_16)","decl":{"start":{"line":142,"column":8},"end":{"line":142,"column":24}},"loc":{"start":{"line":142,"column":52},"end":{"line":204,"column":3}}},"13":{"name":"(anonymous_17)","decl":{"start":{"line":206,"column":10},"end":{"line":206,"column":15}},"loc":{"start":{"line":206,"column":65},"end":{"line":239,"column":3}}},"14":{"name":"(anonymous_18)","decl":{"start":{"line":241,"column":10},"end":{"line":241,"column":15}},"loc":{"start":{"line":241,"column":36},"end":{"line":250,"column":3}}},"15":{"name":"(anonymous_19)","decl":{"start":{"line":252,"column":10},"end":{"line":252,"column":15}},"loc":{"start":{"line":252,"column":43},"end":{"line":262,"column":3}}}},"branchMap":{"0":{"loc":{"start":{"line":34,"column":47},"end":{"line":34,"column":74}},"type":"default-arg","locations":[{"start":{"line":34,"column":72},"end":{"line":34,"column":74}}]},"1":{"loc":{"start":{"line":42,"column":8},"end":{"line":45,"column":9}},"type":"if","locations":[{"start":{"line":42,"column":8},"end":{"line":45,"column":9}},{"start":{},"end":{}}]},"2":{"loc":{"start":{"line":95,"column":29},"end":{"line":95,"column":83}},"type":"binary-expr","locations":[{"start":{"line":95,"column":29},"end":{"line":95,"column":46}},{"start":{"line":95,"column":50},"end":{"line":95,"column":83}}]},"3":{"loc":{"start":{"line":121,"column":6},"end":{"line":124,"column":7}},"type":"if","locations":[{"start":{"line":121,"column":6},"end":{"line":124,"column":7}},{"start":{},"end":{}}]},"4":{"loc":{"start":{"line":151,"column":6},"end":{"line":154,"column":7}},"type":"if","locations":[{"start":{"line":151,"column":6},"end":{"line":154,"column":7}},{"start":{},"end":{}}]},"5":{"loc":{"start":{"line":159,"column":6},"end":{"line":162,"column":7}},"type":"if","locations":[{"start":{"line":159,"column":6},"end":{"line":162,"column":7}},{"start":{},"end":{}}]},"6":{"loc":{"start":{"line":173,"column":6},"end":{"line":195,"column":7}},"type":"if","locations":[{"start":{"line":173,"column":6},"end":{"line":195,"column":7}},{"start":{"line":193,"column":13},"end":{"line":195,"column":7}}]},"7":{"loc":{"start":{"line":210,"column":6},"end":{"line":232,"column":7}},"type":"switch","locations":[{"start":{"line":211,"column":8},"end":{"line":221,"column":16}},{"start":{"line":223,"column":8},"end":{"line":226,"column":16}},{"start":{"line":228,"column":8},"end":{"line":231,"column":16}}]},"8":{"loc":{"start":{"line":212,"column":10},"end":{"line":220,"column":11}},"type":"if","locations":[{"start":{"line":212,"column":10},"end":{"line":220,"column":11}},{"start":{"line":214,"column":17},"end":{"line":220,"column":11}}]},"9":{"loc":{"start":{"line":217,"column":12},"end":{"line":219,"column":13}},"type":"if","locations":[{"start":{"line":217,"column":12},"end":{"line":219,"column":13}},{"start":{},"end":{}}]}},"s":{"0":0,"1":0,"2":0,"3":0,"4":0,"5":0,"6":0,"7":0,"8":0,"9":0,"10":0,"11":0,"12":0,"13":0,"14":0,"15":0,"16":0,"17":0,"18":0,"19":0,"20":0,"21":0,"22":0,"23":0,"24":0,"25":0,"26":0,"27":0,"28":0,"29":0,"30":0,"31":0,"32":0,"33":0,"34":0,"35":0,"36":0,"37":0,"38":0,"39":0,"40":0,"41":0,"42":0,"43":0,"44":0,"45":0,"46":0,"47":0,"48":0,"49":0,"50":0,"51":0,"52":0,"53":0,"54":0,"55":0,"56":0,"57":0,"58":0,"59":0,"60":0,"61":0,"62":0,"63":0,"64":0,"65":0,"66":0,"67":0,"68":0,"69":0,"70":0,"71":0,"72":0,"73":0,"74":0,"75":0,"76":0,"77":0,"78":0,"79":0,"80":0,"81":0,"82":0,"83":0,"84":0,"85":0,"86":0,"87":0,"88":0,"89":0,"90":0,"91":0,"92":0,"93":0,"94":0,"95":0,"96":0,"97":0,"98":0,"99":0,"100":0,"101":0,"102":0,"103":0,"104":0,"105":0},"f":{"0":0,"1":0,"2":0,"3":0,"4":0,"5":0,"6":0,"7":0,"8":0,"9":0,"10":0,"11":0,"12":0,"13":0,"14":0,"15":0},"b":{"0":[0],"1":[0,0],"2":[0,0],"3":[0,0],"4":[0,0],"5":[0,0],"6":[0,0],"7":[0,0,0],"8":[0,0],"9":[0,0]}}
,"/Users/Hp/Desktop/newproject/pager-system/backend/src/health/health.controller.ts": {"path":"/Users/Hp/Desktop/newproject/pager-system/backend/src/health/health.controller.ts","statementMap":{"0":{"start":{"line":1,"column":0},"end":{"line":1,"column":49}},"1":{"start":{"line":2,"column":0},"end":{"line":2,"column":69}},"2":{"start":{"line":6,"column":7},"end":{"line":32,"column":null}},"3":{"start":{"line":11,"column":4},"end":{"line":16,"column":6}},"4":{"start":{"line":24,"column":4},"end":{"line":30,"column":6}},"5":{"start":{"line":6,"column":13},"end":{"line":6,"column":29}},"6":{"start":{"line":10,"column":8},"end":{"line":17,"column":null}},"7":{"start":{"line":22,"column":8},"end":{"line":31,"column":null}},"8":{"start":{"line":6,"column":13},"end":{"line":32,"column":null}}},"fnMap":{"0":{"name":"(anonymous_2)","decl":{"start":{"line":10,"column":8},"end":{"line":10,"column":19}},"loc":{"start":{"line":10,"column":19},"end":{"line":17,"column":3}}},"1":{"name":"(anonymous_3)","decl":{"start":{"line":22,"column":8},"end":{"line":22,"column":22}},"loc":{"start":{"line":22,"column":22},"end":{"line":31,"column":3}}}},"branchMap":{},"s":{"0":0,"1":0,"2":0,"3":0,"4":0,"5":0,"6":0,"7":0,"8":0},"f":{"0":0,"1":0},"b":{}}
,"/Users/Hp/Desktop/newproject/pager-system/backend/src/health/health.module.ts": {"path":"/Users/Hp/Desktop/newproject/pager-system/backend/src/health/health.module.ts","statementMap":{"0":{"start":{"line":1,"column":0},"end":{"line":1,"column":40}},"1":{"start":{"line":2,"column":0},"end":{"line":2,"column":55}},"2":{"start":{"line":7,"column":7},"end":{"line":7,"column":null}},"3":{"start":{"line":7,"column":13},"end":{"line":7,"column":25}},"4":{"start":{"line":7,"column":13},"end":{"line":7,"column":null}}},"fnMap":{},"branchMap":{},"s":{"0":0,"1":0,"2":0,"3":0,"4":0},"f":{},"b":{}}
,"/Users/Hp/Desktop/newproject/pager-system/backend/src/incidents/incident-state-machine.service.ts": {"path":"/Users/Hp/Desktop/newproject/pager-system/backend/src/incidents/incident-state-machine.service.ts","statementMap":{"0":{"start":{"line":1,"column":0},"end":{"line":1,"column":73}},"1":{"start":{"line":2,"column":0},"end":{"line":2,"column":51}},"2":{"start":{"line":3,"column":0},"end":{"line":3,"column":37}},"3":{"start":{"line":4,"column":0},"end":{"line":4,"column":61}},"4":{"start":{"line":5,"column":0},"end":{"line":5,"column":54}},"5":{"start":{"line":8,"column":40},"end":{"line":94,"column":null}},"6":{"start":{"line":21,"column":12},"end":{"line":21,"column":32}},"7":{"start":{"line":22,"column":12},"end":{"line":22,"column":26}},"8":{"start":{"line":9,"column":19},"end":{"line":9,"column":73}},"9":{"start":{"line":11,"column":19},"end":{"line":17,"column":4}},"10":{"start":{"line":31,"column":21},"end":{"line":33,"column":6}},"11":{"start":{"line":35,"column":4},"end":{"line":37,"column":5}},"12":{"start":{"line":36,"column":6},"end":{"line":36,"column":58}},"13":{"start":{"line":40,"column":28},"end":{"line":40,"column":61}},"14":{"start":{"line":41,"column":4},"end":{"line":45,"column":5}},"15":{"start":{"line":42,"column":6},"end":{"line":44,"column":8}},"16":{"start":{"line":47,"column":22},"end":{"line":47,"column":37}},"17":{"start":{"line":48,"column":4},"end":{"line":48,"column":32}},"18":{"start":{"line":49,"column":4},"end":{"line":49,"column":36}},"19":{"start":{"line":52,"column":4},"end":{"line":65,"column":5}},"20":{"start":{"line":54,"column":8},"end":{"line":54,"column":45}},"21":{"start":{"line":55,"column":8},"end":{"line":55,"column":41}},"22":{"start":{"line":56,"column":8},"end":{"line":56,"column":14}},"23":{"start":{"line":58,"column":8},"end":{"line":58,"column":41}},"24":{"start":{"line":59,"column":8},"end":{"line":59,"column":37}},"25":{"start":{"line":60,"column":8},"end":{"line":60,"column":14}},"26":{"start":{"line":62,"column":8},"end":{"line":62,"column":39}},"27":{"start":{"line":63,"column":8},"end":{"line":63,"column":35}},"28":{"start":{"line":64,"column":8},"end":{"line":64,"column":14}},"29":{"start":{"line":67,"column":28},"end":{"line":67,"column":72}},"30":{"start":{"line":70,"column":4},"end":{"line":72,"column":6}},"31":{"start":{"line":75,"column":4},"end":{"line":81,"column":7}},"32":{"start":{"line":83,"column":4},"end":{"line":83,"column":27}},"33":{"start":{"line":87,"column":28},"end":{"line":87,"column":56}},"34":{"start":{"line":88,"column":4},"end":{"line":88,"column":46}},"35":{"start":{"line":92,"column":4},"end":{"line":92,"column":41}},"36":{"start":{"line":8,"column":13},"end":{"line":8,"column":40}},"37":{"start":{"line":8,"column":13},"end":{"line":94,"column":null}}},"fnMap":{"0":{"name":"(anonymous_4)","decl":{"start":{"line":19,"column":2},"end":{"line":19,"column":null}},"loc":{"start":{"line":22,"column":39},"end":{"line":23,"column":6}}},"1":{"name":"(anonymous_5)","decl":{"start":{"line":25,"column":2},"end":{"line":25,"column":7}},"loc":{"start":{"line":29,"column":18},"end":{"line":84,"column":3}}},"2":{"name":"(anonymous_6)","decl":{"start":{"line":86,"column":2},"end":{"line":86,"column":15}},"loc":{"start":{"line":86,"column":68},"end":{"line":89,"column":3}}},"3":{"name":"(anonymous_7)","decl":{"start":{"line":91,"column":2},"end":{"line":91,"column":23}},"loc":{"start":{"line":91,"column":46},"end":{"line":93,"column":3}}}},"branchMap":{"0":{"loc":{"start":{"line":35,"column":4},"end":{"line":37,"column":5}},"type":"if","locations":[{"start":{"line":35,"column":4},"end":{"line":37,"column":5}},{"start":{},"end":{}}]},"1":{"loc":{"start":{"line":41,"column":4},"end":{"line":45,"column":5}},"type":"if","locations":[{"start":{"line":41,"column":4},"end":{"line":45,"column":5}},{"start":{},"end":{}}]},"2":{"loc":{"start":{"line":52,"column":4},"end":{"line":65,"column":5}},"type":"switch","locations":[{"start":{"line":53,"column":6},"end":{"line":56,"column":14}},{"start":{"line":57,"column":6},"end":{"line":60,"column":14}},{"start":{"line":61,"column":6},"end":{"line":64,"column":14}}]}},"s":{"0":1,"1":1,"2":1,"3":1,"4":1,"5":1,"6":0,"7":0,"8":0,"9":0,"10":0,"11":0,"12":0,"13":0,"14":0,"15":0,"16":0,"17":0,"18":0,"19":0,"20":0,"21":0,"22":0,"23":0,"24":0,"25":0,"26":0,"27":0,"28":0,"29":0,"30":0,"31":0,"32":0,"33":0,"34":0,"35":0,"36":1,"37":1},"f":{"0":0,"1":0,"2":0,"3":0},"b":{"0":[0,0],"1":[0,0],"2":[0,0,0]}}
,"/Users/Hp/Desktop/newproject/pager-system/backend/src/incidents/incident.entity.ts": {"path":"/Users/Hp/Desktop/newproject/pager-system/backend/src/incidents/incident.entity.ts","statementMap":{"0":{"start":{"line":1,"column":0},"end":{"line":1,"column":135}},"1":{"start":{"line":2,"column":0},"end":{"line":2,"column":67}},"2":{"start":{"line":4,"column":0},"end":{"line":4,"column":null}},"3":{"start":{"line":5,"column":2},"end":{"line":5,"column":null}},"4":{"start":{"line":6,"column":2},"end":{"line":6,"column":null}},"5":{"start":{"line":7,"column":2},"end":{"line":7,"column":null}},"6":{"start":{"line":8,"column":2},"end":{"line":8,"column":null}},"7":{"start":{"line":9,"column":2},"end":{"line":9,"column":null}},"8":{"start":{"line":12,"column":0},"end":{"line":12,"column":null}},"9":{"start":{"line":13,"column":2},"end":{"line":13,"column":null}},"10":{"start":{"line":14,"column":2},"end":{"line":14,"column":null}},"11":{"start":{"line":15,"column":2},"end":{"line":15,"column":null}},"12":{"start":{"line":16,"column":2},"end":{"line":16,"column":null}},"13":{"start":{"line":20,"column":7},"end":{"line":120,"column":null}},"14":{"start":{"line":106,"column":4},"end":{"line":106,"column":113}},"15":{"start":{"line":110,"column":4},"end":{"line":110,"column":94}},"16":{"start":{"line":114,"column":4},"end":{"line":114,"column":99}},"17":{"start":{"line":118,"column":4},"end":{"line":118,"column":51}},"18":{"start":{"line":20,"column":13},"end":{"line":20,"column":21}},"19":{"start":{"line":23,"column":2},"end":{"line":23,"column":null}},"20":{"start":{"line":27,"column":2},"end":{"line":27,"column":null}},"21":{"start":{"line":31,"column":2},"end":{"line":31,"column":null}},"22":{"start":{"line":39,"column":2},"end":{"line":39,"column":null}},"23":{"start":{"line":47,"column":2},"end":{"line":47,"column":null}},"24":{"start":{"line":51,"column":2},"end":{"line":51,"column":null}},"25":{"start":{"line":55,"column":2},"end":{"line":55,"column":null}},"26":{"start":{"line":59,"column":2},"end":{"line":59,"column":null}},"27":{"start":{"line":63,"column":2},"end":{"line":63,"column":null}},"28":{"start":{"line":67,"column":2},"end":{"line":67,"column":null}},"29":{"start":{"line":71,"column":2},"end":{"line":71,"column":null}},"30":{"start":{"line":75,"column":2},"end":{"line":75,"column":null}},"31":{"start":{"line":79,"column":2},"end":{"line":79,"column":null}},"32":{"start":{"line":83,"column":2},"end":{"line":83,"column":null}},"33":{"start":{"line":87,"column":2},"end":{"line":87,"column":null}},"34":{"start":{"line":91,"column":2},"end":{"line":91,"column":null}},"35":{"start":{"line":95,"column":2},"end":{"line":95,"column":null}},"36":{"start":{"line":20,"column":13},"end":{"line":120,"column":null}}},"fnMap":{"0":{"name":"(anonymous_2)","decl":{"start":{"line":4,"column":0},"end":{"line":4,"column":12}},"loc":{"start":{"line":4,"column":26},"end":{"line":10,"column":1}}},"1":{"name":"(anonymous_3)","decl":{"start":{"line":12,"column":0},"end":{"line":12,"column":12}},"loc":{"start":{"line":12,"column":28},"end":{"line":17,"column":1}}},"2":{"name":"(anonymous_4)","decl":{"start":{"line":105,"column":2},"end":{"line":105,"column":10}},"loc":{"start":{"line":105,"column":10},"end":{"line":107,"column":3}}},"3":{"name":"(anonymous_5)","decl":{"start":{"line":109,"column":2},"end":{"line":109,"column":19}},"loc":{"start":{"line":109,"column":19},"end":{"line":111,"column":3}}},"4":{"name":"(anonymous_6)","decl":{"start":{"line":113,"column":2},"end":{"line":113,"column":15}},"loc":{"start":{"line":113,"column":15},"end":{"line":115,"column":3}}},"5":{"name":"(anonymous_7)","decl":{"start":{"line":117,"column":2},"end":{"line":117,"column":13}},"loc":{"start":{"line":117,"column":13},"end":{"line":119,"column":3}}}},"branchMap":{"0":{"loc":{"start":{"line":4,"column":12},"end":{"line":4,"column":null}},"type":"binary-expr","locations":[{"start":{"line":4,"column":12},"end":{"line":4,"column":26}},{"start":{"line":4,"column":26},"end":{"line":4,"column":null}}]},"1":{"loc":{"start":{"line":12,"column":12},"end":{"line":12,"column":null}},"type":"binary-expr","locations":[{"start":{"line":12,"column":12},"end":{"line":12,"column":28}},{"start":{"line":12,"column":28},"end":{"line":12,"column":null}}]},"2":{"loc":{"start":{"line":110,"column":11},"end":{"line":110,"column":93}},"type":"binary-expr","locations":[{"start":{"line":110,"column":11},"end":{"line":110,"column":49}},{"start":{"line":110,"column":53},"end":{"line":110,"column":93}}]},"3":{"loc":{"start":{"line":114,"column":11},"end":{"line":114,"column":98}},"type":"binary-expr","locations":[{"start":{"line":114,"column":11},"end":{"line":114,"column":54}},{"start":{"line":114,"column":58},"end":{"line":114,"column":98}}]}},"s":{"0":1,"1":1,"2":1,"3":1,"4":1,"5":1,"6":1,"7":1,"8":1,"9":1,"10":1,"11":1,"12":1,"13":1,"14":0,"15":0,"16":0,"17":0,"18":1,"19":1,"20":1,"21":1,"22":1,"23":1,"24":1,"25":1,"26":1,"27":1,"28":1,"29":1,"30":1,"31":1,"32":1,"33":1,"34":1,"35":1,"36":1},"f":{"0":1,"1":1,"2":0,"3":0,"4":0,"5":0},"b":{"0":[1,1],"1":[1,1],"2":[0,0],"3":[0,0]}}
,"/Users/Hp/Desktop/newproject/pager-system/backend/src/incidents/incident.repository.ts": {"path":"/Users/Hp/Desktop/newproject/pager-system/backend/src/incidents/incident.repository.ts","statementMap":{"0":{"start":{"line":1,"column":0},"end":{"line":1,"column":44}},"1":{"start":{"line":2,"column":0},"end":{"line":2,"column":51}},"2":{"start":{"line":3,"column":0},"end":{"line":3,"column":57}},"3":{"start":{"line":4,"column":0},"end":{"line":4,"column":45}},"4":{"start":{"line":16,"column":7},"end":{"line":104,"column":null}},"5":{"start":{"line":19,"column":12},"end":{"line":19,"column":24}},"6":{"start":{"line":23,"column":21},"end":{"line":23,"column":49}},"7":{"start":{"line":24,"column":4},"end":{"line":24,"column":42}},"8":{"start":{"line":28,"column":4},"end":{"line":31,"column":7}},"9":{"start":{"line":35,"column":25},"end":{"line":35,"column":49}},"10":{"start":{"line":37,"column":31},"end":{"line":37,"column":67}},"11":{"start":{"line":39,"column":4},"end":{"line":39,"column":32}},"12":{"start":{"line":43,"column":4},"end":{"line":43,"column":43}},"13":{"start":{"line":44,"column":20},"end":{"line":44,"column":43}},"14":{"start":{"line":45,"column":4},"end":{"line":47,"column":5}},"15":{"start":{"line":46,"column":6},"end":{"line":46,"column":71}},"16":{"start":{"line":48,"column":4},"end":{"line":48,"column":19}},"17":{"start":{"line":52,"column":19},"end":{"line":52,"column":51}},"18":{"start":{"line":53,"column":4},"end":{"line":55,"column":5}},"19":{"start":{"line":54,"column":6},"end":{"line":54,"column":58}},"20":{"start":{"line":59,"column":18},"end":{"line":59,"column":64}},"21":{"start":{"line":60,"column":4},"end":{"line":60,"column":21}},"22":{"start":{"line":64,"column":25},"end":{"line":64,"column":49}},"23":{"start":{"line":65,"column":4},"end":{"line":65,"column":35}},"24":{"start":{"line":69,"column":25},"end":{"line":76,"column":44}},"25":{"start":{"line":78,"column":4},"end":{"line":80,"column":5}},"26":{"start":{"line":79,"column":6},"end":{"line":79,"column":85}},"27":{"start":{"line":82,"column":4},"end":{"line":84,"column":5}},"28":{"start":{"line":83,"column":6},"end":{"line":83,"column":93}},"29":{"start":{"line":86,"column":4},"end":{"line":88,"column":5}},"30":{"start":{"line":87,"column":6},"end":{"line":87,"column":101}},"31":{"start":{"line":90,"column":4},"end":{"line":92,"column":5}},"32":{"start":{"line":91,"column":6},"end":{"line":91,"column":97}},"33":{"start":{"line":94,"column":4},"end":{"line":96,"column":5}},"34":{"start":{"line":95,"column":6},"end":{"line":95,"column":40}},"35":{"start":{"line":98,"column":4},"end":{"line":100,"column":5}},"36":{"start":{"line":99,"column":6},"end":{"line":99,"column":42}},"37":{"start":{"line":102,"column":4},"end":{"line":102,"column":24}},"38":{"start":{"line":16,"column":13},"end":{"line":16,"column":31}},"39":{"start":{"line":16,"column":13},"end":{"line":104,"column":null}}},"fnMap":{"0":{"name":"(anonymous_4)","decl":{"start":{"line":17,"column":2},"end":{"line":17,"column":null}},"loc":{"start":{"line":19,"column":44},"end":{"line":20,"column":6}}},"1":{"name":"(anonymous_5)","decl":{"start":{"line":22,"column":2},"end":{"line":22,"column":7}},"loc":{"start":{"line":22,"column":38},"end":{"line":25,"column":3}}},"2":{"name":"(anonymous_6)","decl":{"start":{"line":27,"column":2},"end":{"line":27,"column":7}},"loc":{"start":{"line":27,"column":27},"end":{"line":32,"column":3}}},"3":{"name":"(anonymous_7)","decl":{"start":{"line":34,"column":2},"end":{"line":34,"column":7}},"loc":{"start":{"line":34,"column":45},"end":{"line":40,"column":3}}},"4":{"name":"(anonymous_8)","decl":{"start":{"line":42,"column":2},"end":{"line":42,"column":7}},"loc":{"start":{"line":42,"column":50},"end":{"line":49,"column":3}}},"5":{"name":"(anonymous_9)","decl":{"start":{"line":51,"column":2},"end":{"line":51,"column":7}},"loc":{"start":{"line":51,"column":25},"end":{"line":56,"column":3}}},"6":{"name":"(anonymous_10)","decl":{"start":{"line":58,"column":2},"end":{"line":58,"column":7}},"loc":{"start":{"line":58,"column":25},"end":{"line":61,"column":3}}},"7":{"name":"(anonymous_11)","decl":{"start":{"line":63,"column":2},"end":{"line":63,"column":7}},"loc":{"start":{"line":63,"column":52},"end":{"line":66,"column":3}}},"8":{"name":"(anonymous_12)","decl":{"sta
[...]
:52,"column":2},"end":{"line":52,"column":null}},"24":{"start":{"line":55,"column":2},"end":{"line":55,"column":null}},"25":{"start":{"line":59,"column":2},"end":{"line":59,"column":null}},"26":{"start":{"line":63,"column":2},"end":{"line":63,"column":null}},"27":{"start":{"line":67,"column":2},"end":{"line":67,"column":null}},"28":{"start":{"line":65,"column":29},"end":{"line":65,"column":45}},"29":{"start":{"line":66,"column":19},"end":{"line":66,"column":33}},"30":{"start":{"line":66,"column":47},"end":{"line":66,"column":60}},"31":{"start":{"line":70,"column":2},"end":{"line":73,"column":null}},"32":{"start":{"line":18,"column":13},"end":{"line":79,"column":null}}},"fnMap":{"0":{"name":"(anonymous_2)","decl":{"start":{"line":5,"column":0},"end":{"line":5,"column":12}},"loc":{"start":{"line":5,"column":20},"end":{"line":9,"column":1}}},"1":{"name":"(anonymous_3)","decl":{"start":{"line":11,"column":0},"end":{"line":11,"column":12}},"loc":{"start":{"line":11,"column":22},"end":{"line":15,"column":1}}},"2":{"name":"(anonymous_4)","decl":{"start":{"line":70,"column":2},"end":{"line":70,"column":3}},"loc":{"start":{"line":71,"column":14},"end":{"line":73,"column":3}}},"3":{"name":"(anonymous_5)","decl":{"start":{"line":76,"column":2},"end":{"line":76,"column":9}},"loc":{"start":{"line":76,"column":24},"end":{"line":78,"column":3}}},"4":{"name":"(anonymous_6)","decl":{"start":{"line":77,"column":28},"end":{"line":77,"column":36}},"loc":{"start":{"line":77,"column":40},"end":{"line":77,"column":62}}},"5":{"name":"(anonymous_7)","decl":{"start":{"line":65,"column":23},"end":{"line":65,"column":26}},"loc":{"start":{"line":65,"column":29},"end":{"line":65,"column":45}}},"6":{"name":"(anonymous_8)","decl":{"start":{"line":66,"column":13},"end":{"line":66,"column":16}},"loc":{"start":{"line":66,"column":19},"end":{"line":66,"column":33}}},"7":{"name":"(anonymous_9)","decl":{"start":{"line":66,"column":35},"end":{"line":66,"column":43}},"loc":{"start":{"line":66,"column":47},"end":{"line":66,"column":60}}}},"branchMap":{"0":{"loc":{"start":{"line":5,"column":12},"end":{"line":5,"column":null}},"type":"binary-expr","locations":[{"start":{"line":5,"column":12},"end":{"line":5,"column":20}},{"start":{"line":5,"column":20},"end":{"line":5,"column":null}}]},"1":{"loc":{"start":{"line":11,"column":12},"end":{"line":11,"column":null}},"type":"binary-expr","locations":[{"start":{"line":11,"column":12},"end":{"line":11,"column":22}},{"start":{"line":11,"column":22},"end":{"line":11,"column":null}}]},"2":{"loc":{"start":{"line":77,"column":11},"end":{"line":77,"column":72}},"type":"binary-expr","locations":[{"start":{"line":77,"column":11},"end":{"line":77,"column":63}},{"start":{"line":77,"column":67},"end":{"line":77,"column":72}}]},"3":{"loc":{"start":{"line":77,"column":11},"end":{"line":77,"column":63}},"type":"cond-expr","locations":[{"start":{"line":77,"column":21},"end":{"line":77,"column":23}},{"start":{"line":77,"column":21},"end":{"line":77,"column":63}}]},"4":{"loc":{"start":{"line":77,"column":11},"end":{"line":77,"column":23}},"type":"binary-expr","locations":[{"start":{"line":77,"column":11},"end":{"line":77,"column":23}},{"start":{"line":77,"column":21},"end":{"line":77,"column":23}}]}},"s":{"0":2,"1":2,"2":2,"3":2,"4":2,"5":2,"6":2,"7":2,"8":2,"9":2,"10":2,"11":2,"12":0,"13":0,"14":0,"15":2,"16":2,"17":2,"18":2,"19":2,"20":2,"21":2,"22":2,"23":2,"24":2,"25":2,"26":2,"27":2,"28":0,"29":0,"30":0,"31":2,"32":2},"f":{"0":2,"1":2,"2":0,"3":0,"4":0,"5":0,"6":0,"7":0},"b":{"0":[2,2],"1":[2,2],"2":[0,0],"3":[0,0],"4":[0,0]}}
,"/Users/Hp/Desktop/newproject/pager-system/backend/src/users/users.controller.ts": {"path":"/Users/Hp/Desktop/newproject/pager-system/backend/src/users/users.controller.ts","statementMap":{"0":{"start":{"line":1,"column":0},"end":{"line":1,"column":109}},"1":{"start":{"line":2,"column":0},"end":{"line":2,"column":84}},"2":{"start":{"line":3,"column":0},"end":{"line":3,"column":47}},"3":{"start":{"line":4,"column":0},"end":{"line":4,"column":54}},"4":{"start":{"line":5,"column":0},"end":{"line":5,"column":54}},"5":{"start":{"line":6,"column":0},"end":{"line":6,"column":37}},"6":{"start":{"line":7,"column":0},"end":{"line":7,"column":61}},"7":{"start":{"line":8,"column":0},"end":{"line":8,"column":56}},"8":{"start":{"line":9,"column":0},"end":{"line":9,"column":59}},"9":{"start":{"line":10,"column":0},"end":{"line":10,"column":41}},"10":{"start":{"line":16,"column":7},"end":{"line":65,"column":null}},"11":{"start":{"line":17,"column":31},"end":{"line":17,"column":45}},"12":{"start":{"line":25,"column":4},"end":{"line":25,"column":51}},"13":{"start":{"line":33,"column":4},"end":{"line":33,"column":39}},"14":{"start":{"line":42,"column":4},"end":{"line":42,"column":42}},"15":{"start":{"line":54,"column":4},"end":{"line":54,"column":55}},"16":{"start":{"line":63,"column":4},"end":{"line":63,"column":40}},"17":{"start":{"line":16,"column":13},"end":{"line":16,"column":28}},"18":{"start":{"line":24,"column":8},"end":{"line":26,"column":null}},"19":{"start":{"line":32,"column":8},"end":{"line":34,"column":null}},"20":{"start":{"line":41,"column":8},"end":{"line":43,"column":null}},"21":{"start":{"line":50,"column":8},"end":{"line":55,"column":null}},"22":{"start":{"line":62,"column":8},"end":{"line":64,"column":null}},"23":{"start":{"line":16,"column":13},"end":{"line":65,"column":null}}},"fnMap":{"0":{"name":"(anonymous_4)","decl":{"start":{"line":17,"column":2},"end":{"line":17,"column":31}},"loc":{"start":{"line":17,"column":57},"end":{"line":17,"column":61}}},"1":{"name":"(anonymous_5)","decl":{"start":{"line":24,"column":8},"end":{"line":24,"column":14}},"loc":{"start":{"line":24,"column":51},"end":{"line":26,"column":3}}},"2":{"name":"(anonymous_6)","decl":{"start":{"line":32,"column":8},"end":{"line":32,"column":15}},"loc":{"start":{"line":32,"column":15},"end":{"line":34,"column":3}}},"3":{"name":"(anonymous_7)","decl":{"start":{"line":41,"column":8},"end":{"line":41,"column":15}},"loc":{"start":{"line":41,"column":54},"end":{"line":43,"column":3}}},"4":{"name":"(anonymous_8)","decl":{"start":{"line":50,"column":8},"end":{"line":50,"column":14}},"loc":{"start":{"line":52,"column":40},"end":{"line":55,"column":3}}},"5":{"name":"(anonymous_9)","decl":{"start":{"line":62,"column":8},"end":{"line":62,"column":14}},"loc":{"start":{"line":62,"column":53},"end":{"line":64,"column":3}}}},"branchMap":{},"s":{"0":0,"1":0,"2":0,"3":0,"4":0,"5":0,"6":0,"7":0,"8":0,"9":0,"10":0,"11":0,"12":0,"13":0,"14":0,"15":0,"16":0,"17":0,"18":0,"19":0,"20":0,"21":0,"22":0,"23":0},"f":{"0":0,"1":0,"2":0,"3":0,"4":0,"5":0},"b":{}}
,"/Users/Hp/Desktop/newproject/pager-system/backend/src/users/users.module.ts": {"path":"/Users/Hp/Desktop/newproject/pager-system/backend/src/users/users.module.ts","statementMap":{"0":{"start":{"line":1,"column":0},"end":{"line":1,"column":40}},"1":{"start":{"line":2,"column":0},"end":{"line":2,"column":48}},"2":{"start":{"line":3,"column":0},"end":{"line":3,"column":47}},"3":{"start":{"line":4,"column":0},"end":{"line":4,"column":53}},"4":{"start":{"line":5,"column":0},"end":{"line":5,"column":37}},"5":{"start":{"line":6,"column":0},"end":{"line":6,"column":52}},"6":{"start":{"line":14,"column":7},"end":{"line":14,"column":null}},"7":{"start":{"line":14,"column":13},"end":{"line":14,"column":24}},"8":{"start":{"line":14,"column":13},"end":{"line":14,"column":null}}},"fnMap":{},"branchMap":{},"s":{"0":0,"1":0,"2":0,"3":0,"4":0,"5":0,"6":0,"7":0,"8":0},"f":{},"b":{}}
,"/Users/Hp/Desktop/newproject/pager-system/backend/src/users/users.service.ts": {"path":"/Users/Hp/Desktop/newproject/pager-system/backend/src/users/users.service.ts","statementMap":{"0":{"start":{"line":1,"column":0},"end":{"line":1,"column":52}},"1":{"start":{"line":2,"column":0},"end":{"line":2,"column":51}},"2":{"start":{"line":3,"column":0},"end":{"line":3,"column":49}},"3":{"start":{"line":4,"column":0},"end":{"line":4,"column":33}},"4":{"start":{"line":5,"column":0},"end":{"line":5,"column":75}},"5":{"start":{"line":6,"column":0},"end":{"line":6,"column":52}},"6":{"start":{"line":9,"column":0},"end":{"line":9,"column":76}},"7":{"start":{"line":12,"column":25},"end":{"line":198,"column":null}},"8":{"start":{"line":17,"column":12},"end":{"line":17,"column":28}},"9":{"start":{"line":19,"column":12},"end":{"line":19,"column":32}},"10":{"start":{"line":20,"column":12},"end":{"line":20,"column":24}},"11":{"start":{"line":13,"column":19},"end":{"line":13,"column":58}},"12":{"start":{"line":24,"column":24},"end":{"line":24,"column":59}},"13":{"start":{"line":25,"column":4},"end":{"line":25,"column":32}},"14":{"start":{"line":26,"column":4},"end":{"line":26,"column":41}},"15":{"start":{"line":28,"column":4},"end":{"line":69,"column":5}},"16":{"start":{"line":30,"column":27},"end":{"line":32,"column":8}},"17":{"start":{"line":34,"column":6},"end":{"line":36,"column":7}},"18":{"start":{"line":35,"column":8},"end":{"line":35,"column":75}},"19":{"start":{"line":39,"column":25},"end":{"line":39,"column":77}},"20":{"start":{"line":40,"column":27},"end":{"line":40,"column":80}},"21":{"start":{"line":43,"column":19},"end":{"line":50,"column":8}},"22":{"start":{"line":52,"column":24},"end":{"line":52,"column":66}},"23":{"start":{"line":55,"column":6},"end":{"line":57,"column":7}},"24":{"start":{"line":56,"column":8},"end":{"line":56,"column":79}},"25":{"start":{"line":59,"column":6},"end":{"line":59,"column":44}},"26":{"start":{"line":61,"column":6},"end":{"line":61,"column":76}},"27":{"start":{"line":62,"column":6},"end":{"line":62,"column":23}},"28":{"start":{"line":64,"column":6},"end":{"line":64,"column":46}},"29":{"start":{"line":65,"column":6},"end":{"line":65,"column":80}},"30":{"start":{"line":66,"column":6},"end":{"line":66,"column":18}},"31":{"start":{"line":68,"column":6},"end":{"line":68,"column":34}},"32":{"start":{"line":73,"column":4},"end":{"line":82,"column":5}},"33":{"start":{"line":74,"column":6},"end":{"line":78,"column":9}},"34":{"start":{"line":80,"column":6},"end":{"line":80,"column":57}},"35":{"start":{"line":81,"column":6},"end":{"line":81,"column":18}},"36":{"start":{"line":86,"column":4},"end":{"line":100,"column":5}},"37":{"start":{"line":87,"column":19},"end":{"line":90,"column":8}},"38":{"start":{"line":92,"column":6},"end":{"line":94,"column":7}},"39":{"start":{"line":93,"column":8},"end":{"line":93,"column":68}},"40":{"start":{"line":96,"column":6},"end":{"line":96,"column":18}},"41":{"start":{"line":98,"column":6},"end":{"line":98,"column":61}},"42":{"start":{"line":99,"column":6},"end":{"line":99,"column":18}},"43":{"start":{"line":104,"column":4},"end":{"line":112,"column":5}},"44":{"start":{"line":105,"column":6},"end":{"line":108,"column":9}},"45":{"start":{"line":110,"column":6},"end":{"line":110,"column":73}},"46":{"start":{"line":111,"column":6},"end":{"line":111,"column":18}},"47":{"start":{"line":116,"column":24},"end":{"line":116,"column":59}},"48":{"start":{"line":117,"column":4},"end":{"line":117,"column":32}},"49":{"start":{"line":118,"column":4},"end":{"line":118,"column":41}},"50":{"start":{"line":120,"column":4},"end":{"line":150,"column":5}},"51":{"start":{"line":121,"column":19},"end":{"line":124,"column":8}},"52":{"start":{"line":126,"column":6},"end":{"line":128,"column":7}},"53":{"start":{"line":127,"column":8},"end":{"line":127,"column":68}},"54":{"start":{"line":131,"column":6},"end":{"line":131,"column":41}},"55":{"start":{"line":134,"column":6},"end":{"line":137,"column":7}},"56":{"start":{"line":135,"column":27},"end":{"line":135,"column":79}},"57":{"start":{"line":136,"column":8},"end":{"line":136,"column":82}},"58":{"start":{"line":139,"column":26},"end":{"line":139,"column":68}},"59":{"start":{"line":140,"column":6},"end":{"line":140,"column":44}},"60":{"start":{"line":142,"column":6},"end":{"line":142,"column":80}},"61":{"start":{"line":143,"column":6},"end":{"line":143,"column":25}},"62":{"start":{"line":145,"column":6},"end":{"line":145,"column":46}},"63":{"start":{"line":146,"column":6},"end":{"line":146,"column":63}},"64":{"start":{"line":147,"column":6},"end":{"line":147,"column":18}},"65":{"start":{"line":149,"column":6},"end":{"line":149,"column":34}},"66":{"start":{"line":154,"column":4},"end":{"line":165,"column":5}},"67":{"start":{"line":155,"column":19},"end":{"line":155,"column":42}},"68":{"start":{"line":158,"column":6},"end":{"line":158,"column":40}},"69":{"start":{"line":159,"column":6},"end":{"line":159,"column":43}},"70":{"start":{"line":161,"column":6},"end":{"line":161,"column":70}},"71":{"start":{"line":163,"column":6},"end":{"line":163,"column":63}},"72":{"start":{"line":164,"column":6},"end":{"line":164,"column":18}},"73":{"start":{"line":169,"column":4},"end":{"line":177,"column":5}},"74":{"start":{"line":170,"column":6},"end":{"line":172,"column":7}},"75":{"start":{"line":171,"column":8},"end":{"line":171,"column":21}},"76":{"start":{"line":173,"column":6},"end":{"line":173,"column":63}},"77":{"start":{"line":175,"column":6},"end":{"line":175,"column":81}},"78":{"start":{"line":176,"column":6},"end":{"line":176,"column":19}},"79":{"start":{"line":186,"column":4},"end":{"line":186,"column":65}},"80":{"start":{"line":189,"column":25},"end":{"line":193,"column":null}},"81":{"start":{"line":190,"column":6},"end":{"line":193,"column":8}},"82":{"start":{"line":196,"column":4},"end":{"line":196,"column":65}},"83":{"start":{"line":12,"column":13},"end":{"line":12,"column":25}},"84":{"start":{"line":12,"column":13},"end":{"line":198,"column":null}}},"fnMap":{"0":{"name":"(anonymous_4)","decl":{"start":{"line":15,"column":2},"end":{"line":15,"column":null}},"loc":{"start":{"line":20,"column":34},"end":{"line":21,"column":6}}},"1":{"name":"(anonymous_5)","decl":{"start":{"line":23,"column":2},"end":{"line":23,"column":7}},"loc":{"start":{"line":23,"column":43},"end":{"line":70,"column":3}}},"2":{"name":"(anonymous_6)","decl":{"start":{"line":72,"column":2},"end":{"line":72,"column":7}},"loc":{"start":{"line":72,"column":15},"end":{"line":83,"column":3}}},"3":{"name":"(anonymous_7)","decl":{"start":{"line":85,"column":2},"end":{"line":85,"column":7}},"loc":{"start":{"line":85,"column":27},"end":{"line":101,"column":3}}},"4":{"name":"(anonymous_8)","decl":{"start":{"line":103,"column":2},"end":{"line":103,"column":7}},"loc":{"start":{"line":103,"column":33},"end":{"line":113,"column":3}}},"5":{"name":"(anonymous_9)","decl":{"start":{"line":115,"column":2},"end":{"line":115,"column":7}},"loc":{"start":{"line":115,"column":55},"end":{"line":151,"column":3}}},"6":{"name":"(anonymous_10)","decl":{"start":{"line":153,"column":2},"end":{"line":153,"column":7}},"loc":{"start":{"line":153,"column":25},"end":{"line":166,"column":3}}},"7":{"name":"(anonymous_11)","decl":{"start":{"line":168,"column":2},"end":{"line":168,"column":7}},"loc":{"start":{"line":168,"column":53},"end":{"line":178,"column":3}}},"8":{"name":"(anonymous_12)","decl":{"start":{"line":180,"column":10},"end":{"line":180,"column":15}},"loc":{"start":{"line":183,"column":25},"end":{"line":197,"column":3}}},"9":{"name":"(anonymous_13)","decl":{"start":{"line":189,"column":35},"end":{"line":189,"column":39}},"loc":{"start":{"line":190,"column":6},"end":{"line":193,"column":8}}}},"branchMap":{"0":{"loc":{"start":{"line":34,"column":6},"end":{"line":36,"column":7}},"type":"if","locations":[{"start":{"line":34,"column":6},"end":{"line":36,"column":7}},{"start":{},"end":{}}]},"1":{"loc":{"start":{"line":39,"column":34},"end":{"line":39,"column":72}},"type":"binary-expr","locations":[{"start":{"line":39,"column":34},"end":{"line":39,"column":64}},{"start":{"line":39,"column":68},"end":{"line":39,"column":72}}]},"2":{"loc":{"start":{"line":49,"column":18},"end":{"line":49,"column":49}},"type":"binary-expr","locations":[{"start":{"line":49,"column":18},"end":{"line":49,"column":40}},{"start":{"line":49,"column":44},"end":{"line":49,"column":49}}]},"3":{"loc":{"start":{"line":55,"column":6},"end":{"line":57,"column":7}},"type":"if","locations":[{"start":{"line":55,"column":6},"end":{"line":57,"column":7}},{"start":{},"end":{}}]},"4":{"loc":{"start":{"line":55,"column":10},"end":{"line":55,"column":63}},"type":"binary-expr","locations":[{"start":{"line":55,"column":10},"end":{"line":55,"column":29}},{"start":{"line":55,"column":33},"end":{"line":55,"column":63}}]},"5":{"loc":{"start":{"line":92,"column":6},"end":{"line":94,"column":7}},"type":"if","locations":[{"start":{"line":92,"column":6},"end":{"line":94,"column":7}},{"start":{},"end":{}}]},"6":{"loc":{"start":{"line":126,"column":6},"end":{"line":128,"column":7}},"type":"if","locations":[{"start":{"line":126,"column":6},"end":{"line":128,"column":7}},{"start":{},"end":{}}]},"7":{"loc":{"start":{"line":134,"column":6},"end":{"line":137,"column":7}},"type":"if","locations":[{"start":{"line":134,"column":6},"end":{"line":137,"column":7}},{"start":{},"end":{}}]},"8":{"loc":{"start":{"line":135,"column":36},"end":{"line":135,"column":74}},"type":"binary-expr","locations":[{"start":{"line":135,"column":36},"end":{"line":135,"column":66}},{"start":{"line":135,"column":70},"end":{"line":135,"column":74}}]},"9":{"loc":{"start":{"line":170,"column":6},"end":{"line":172,"column":7}},"type":"if","locations":[{"start":{"line":170,"column":6},"end":{"line":172,"column":7}},{"start":{},"end":{}}]}},"s":{"0":2,"1":2,"2":2,"3":2,"4":2,"5":2,"6":2,"7":2,"8":7,"9":7,"10":7,"11":7,"12":2,"13":2,"14":2,"15":2,"16":2,"17":2,"18":1,"19":1,"20":1,"21":1,"22":1,"23":1,"24":0,"25":1,"26":1,"27":1,"28":1,"29":1,"30":1,"31":2,"32":0,"33":0,"34":0,"35":0,"36":2,"37":2,"38":2,"39":1,"40":1,"41":1,"42":1,"43":0,"44":0,"45":0,"46":0,"47":0,"48":0,"49":0,"50":0,"51":0,"52":0,"53":0,"54":0,"55":0,"56":0,"57":0,"58":0,"59":0,"60":0,"61":0,"62":0,"63":0,"64":0,"65":0,"66":0,"67":0,"68":0,"69":0,"70":0,"71":0,"72":0,"73":3,"74":3,"75":1,"76":2,"77":0,"78":0,"79":0,"80":0,"81":0,"82":0,"83":2,"84":2},"f":{"0":7,"1":2,"2":0,"3":2,"4":0,"5":0,"6":0,"7":3,"8":0,"9":0},"b":{"0":[1,1],"1":[1,1],"2":[1,1],"3":[0,1],"4":[1,0],"5":[1,1],"6":[0,0],"7":[0,0],"8":[0,0],"9":[1,2]}}
,"/Users/Hp/Desktop/newproject/pager-system/backend/src/users/dto/create-user.dto.ts": {"path":"/Users/Hp/Desktop/newproject/pager-system/backend/src/users/dto/create-user.dto.ts","statementMap":{"0":{"start":{"line":1,"column":0},"end":{"line":1,"column":112}},"1":{"start":{"line":2,"column":0},"end":{"line":2,"column":67}},"2":{"start":{"line":3,"column":0},"end":{"line":3,"column":42}},"3":{"start":{"line":5,"column":0},"end":{"line":5,"column":13}},"4":{"start":{"line":8,"column":2},"end":{"line":8,"column":null}},"5":{"start":{"line":16,"column":2},"end":{"line":16,"column":null}},"6":{"start":{"line":22,"column":2},"end":{"line":22,"column":null}},"7":{"start":{"line":28,"column":2},"end":{"line":28,"column":null}},"8":{"start":{"line":36,"column":2},"end":{"line":36,"column":null}},"9":{"start":{"line":41,"column":2},"end":{"line":41,"column":null}},"10":{"start":{"line":47,"column":2},"end":{"line":47,"column":null}}},"fnMap":{},"branchMap":{},"s":{"0":0,"1":0,"2":0,"3":0,"4":0,"5":0,"6":0,"7":0,"8":0,"9":0,"10":0},"f":{},"b":{}}
,"/Users/Hp/Desktop/newproject/pager-system/backend/src/users/dto/update-user.dto.ts": {"path":"/Users/Hp/Desktop/newproject/pager-system/backend/src/users/dto/update-user.dto.ts","statementMap":{"0":{"start":{"line":1,"column":0},"end":{"line":1,"column":46}},"1":{"start":{"line":2,"column":0},"end":{"line":2,"column":94}},"2":{"start":{"line":3,"column":0},"end":{"line":3,"column":54}},"3":{"start":{"line":4,"column":0},"end":{"line":4,"column":50}},"4":{"start":{"line":5,"column":0},"end":{"line":5,"column":44}},"5":{"start":{"line":7,"column":0},"end":{"line":7,"column":13}},"6":{"start":{"line":15,"column":2},"end":{"line":15,"column":null}},"7":{"start":{"line":20,"column":2},"end":{"line":20,"column":null}}},"fnMap":{},"branchMap":{},"s":{"0":0,"1":0,"2":0,"3":0,"4":0,"5":0,"6":0,"7":0},"f":{},"b":{}}
}
